ERROR - 2022-07-27 03:25:51 --> Unknown table 'appmuslimbasic.m_login'
ERROR - 2022-07-27 04:05:47 --> Unknown table 'appmuslimbasic.m_login'
CRITICAL - 2022-07-27 04:30:41 --> Allowed fields must be specified for model: App\Models\LoginModel
in SYSTEMPATH\BaseModel.php on line 1138.
 1 SYSTEMPATH\BaseModel.php(1138): CodeIgniter\Database\Exceptions\DataException::forInvalidAllowedFields('App\\Models\\LoginModel')
 2 SYSTEMPATH\BaseModel.php(713): CodeIgniter\BaseModel->doProtectFields([...])
 3 SYSTEMPATH\Model.php(666): CodeIgniter\BaseModel->insert([...], true)
 4 APPPATH\Controllers\Login.php(86): CodeIgniter\Model->insert([...])
 5 SYSTEMPATH\CodeIgniter.php(896): App\Controllers\Login->actionRegis()
 6 SYSTEMPATH\CodeIgniter.php(466): CodeIgniter\CodeIgniter->runController(Object(App\Controllers\Login))
 7 SYSTEMPATH\CodeIgniter.php(349): CodeIgniter\CodeIgniter->handleRequest(null, Object(Config\Cache), false)
 8 FCPATH\index.php(55): CodeIgniter\CodeIgniter->run()
 9 SYSTEMPATH\Commands\Server\rewrite.php(43): require_once('FCPATH\\index.php')
CRITICAL - 2022-07-27 04:33:53 --> Allowed fields must be specified for model: App\Models\LoginModel
in SYSTEMPATH\BaseModel.php on line 1138.
 1 SYSTEMPATH\BaseModel.php(1138): CodeIgniter\Database\Exceptions\DataException::forInvalidAllowedFields('App\\Models\\LoginModel')
 2 SYSTEMPATH\BaseModel.php(713): CodeIgniter\BaseModel->doProtectFields([...])
 3 SYSTEMPATH\Model.php(666): CodeIgniter\BaseModel->insert([...], true)
 4 APPPATH\Controllers\Login.php(86): CodeIgniter\Model->insert([...])
 5 SYSTEMPATH\CodeIgniter.php(896): App\Controllers\Login->actionRegis()
 6 SYSTEMPATH\CodeIgniter.php(466): CodeIgniter\CodeIgniter->runController(Object(App\Controllers\Login))
 7 SYSTEMPATH\CodeIgniter.php(349): CodeIgniter\CodeIgniter->handleRequest(null, Object(Config\Cache), false)
 8 FCPATH\index.php(55): CodeIgniter\CodeIgniter->run()
 9 SYSTEMPATH\Commands\Server\rewrite.php(43): require_once('FCPATH\\index.php')
CRITICAL - 2022-07-27 04:34:23 --> Allowed fields must be specified for model: App\Models\LoginModel
in SYSTEMPATH\BaseModel.php on line 1138.
 1 SYSTEMPATH\BaseModel.php(1138): CodeIgniter\Database\Exceptions\DataException::forInvalidAllowedFields('App\\Models\\LoginModel')
 2 SYSTEMPATH\BaseModel.php(713): CodeIgniter\BaseModel->doProtectFields([...])
 3 SYSTEMPATH\Model.php(666): CodeIgniter\BaseModel->insert([...], true)
 4 APPPATH\Controllers\Login.php(86): CodeIgniter\Model->insert([...])
 5 SYSTEMPATH\CodeIgniter.php(896): App\Controllers\Login->actionRegis()
 6 SYSTEMPATH\CodeIgniter.php(466): CodeIgniter\CodeIgniter->runController(Object(App\Controllers\Login))
 7 SYSTEMPATH\CodeIgniter.php(349): CodeIgniter\CodeIgniter->handleRequest(null, Object(Config\Cache), false)
 8 FCPATH\index.php(55): CodeIgniter\CodeIgniter->run()
 9 SYSTEMPATH\Commands\Server\rewrite.php(43): require_once('FCPATH\\index.php')
ERROR - 2022-07-27 04:38:15 --> Email: sendWithSmtp throwed fsockopen(): php_network_getaddresses: getaddrinfo failed: No such host is known. 
CRITICAL - 2022-07-27 04:38:15 --> Undefined property: CodeIgniter\View\View::$session
in APPPATH\Views\User\Pages\Login.php on line 76.
 1 APPPATH\Views\User\Pages\Login.php(76): CodeIgniter\Debug\Exceptions->errorHandler(2, 'Undefined property: CodeIgniter\\View\\View::$session', 'APPPATH\\Views\\User\\Pages\\Login.php', 76)
 2 SYSTEMPATH\View\View.php(213): include('APPPATH\\Views\\User\\Pages\\Login.php')
 3 SYSTEMPATH\View\View.php(216): CodeIgniter\View\View->CodeIgniter\View\{closure}()
 4 SYSTEMPATH\Common.php(1135): CodeIgniter\View\View->render('User/Pages/Login', [], true)
 5 APPPATH\Controllers\Login.php(21): view('User/Pages/Login', [...])
 6 SYSTEMPATH\CodeIgniter.php(896): App\Controllers\Login->login()
 7 SYSTEMPATH\CodeIgniter.php(466): CodeIgniter\CodeIgniter->runController(Object(App\Controllers\Login))
 8 SYSTEMPATH\CodeIgniter.php(349): CodeIgniter\CodeIgniter->handleRequest(null, Object(Config\Cache), false)
 9 FCPATH\index.php(55): CodeIgniter\CodeIgniter->run()
10 SYSTEMPATH\Commands\Server\rewrite.php(43): require_once('FCPATH\\index.php')
ERROR - 2022-07-27 04:41:23 --> Email: sendWithSmtp throwed fsockopen(): php_network_getaddresses: getaddrinfo failed: No such host is known. 
ERROR - 2022-07-27 04:42:44 --> Email: sendWithSmtp throwed fsockopen(): php_network_getaddresses: getaddrinfo failed: No such host is known. 
ERROR - 2022-07-27 04:46:49 --> Email: sendWithSmtp throwed fsockopen(): php_network_getaddresses: getaddrinfo failed: No such host is known. 
ERROR - 2022-07-27 04:47:14 --> Email: sendWithSmtp throwed fsockopen(): php_network_getaddresses: getaddrinfo failed: No such host is known. 
ERROR - 2022-07-27 04:53:38 --> Email: sendWithMail throwed mail(): Failed to connect to mailserver at &quot;localhost&quot; port 25, verify your &quot;SMTP&quot; and &quot;smtp_port&quot; setting in php.ini or use ini_set()
CRITICAL - 2022-07-27 06:04:58 --> require(path/to/PHPMailer/src/Exception.php): Failed to open stream: No such file or directory
in APPPATH\Controllers\Login.php on line 11.
 1 APPPATH\Controllers\Login.php(11): CodeIgniter\Debug\Exceptions->errorHandler(2, 'require(path/to/PHPMailer/src/Exception.php): Failed to open stream: No such file or directory', 'APPPATH\\Controllers\\Login.php', 11)
 2 APPPATH\Controllers\Login.php(11): require()
 3 SYSTEMPATH\Autoloader\Autoloader.php(284): include_once('APPPATH\\Controllers\\Login.php')
 4 SYSTEMPATH\Autoloader\Autoloader.php(261): CodeIgniter\Autoloader\Autoloader->includeFile('APPPATH\\Controllers\\Login.php')
 5 SYSTEMPATH\Autoloader\Autoloader.php(239): CodeIgniter\Autoloader\Autoloader->loadInNamespace('App\\Controllers\\Login')
 6 [internal function]: CodeIgniter\Autoloader\Autoloader->loadClass('App\\Controllers\\Login')
 7 SYSTEMPATH\CodeIgniter.php(846): class_exists('\\App\\Controllers\\Login', true)
 8 SYSTEMPATH\CodeIgniter.php(453): CodeIgniter\CodeIgniter->startController()
 9 SYSTEMPATH\CodeIgniter.php(349): CodeIgniter\CodeIgniter->handleRequest(null, Object(Config\Cache), false)
10 FCPATH\index.php(55): CodeIgniter\CodeIgniter->run()
11 SYSTEMPATH\Commands\Server\rewrite.php(43): require_once('FCPATH\\index.php')
CRITICAL - 2022-07-27 06:05:01 --> require(path/to/PHPMailer/src/Exception.php): Failed to open stream: No such file or directory
in APPPATH\Controllers\Login.php on line 11.
 1 APPPATH\Controllers\Login.php(11): CodeIgniter\Debug\Exceptions->errorHandler(2, 'require(path/to/PHPMailer/src/Exception.php): Failed to open stream: No such file or directory', 'APPPATH\\Controllers\\Login.php', 11)
 2 APPPATH\Controllers\Login.php(11): require()
 3 SYSTEMPATH\Autoloader\Autoloader.php(284): include_once('APPPATH\\Controllers\\Login.php')
 4 SYSTEMPATH\Autoloader\Autoloader.php(261): CodeIgniter\Autoloader\Autoloader->includeFile('APPPATH\\Controllers\\Login.php')
 5 SYSTEMPATH\Autoloader\Autoloader.php(239): CodeIgniter\Autoloader\Autoloader->loadInNamespace('App\\Controllers\\Login')
 6 [internal function]: CodeIgniter\Autoloader\Autoloader->loadClass('App\\Controllers\\Login')
 7 SYSTEMPATH\CodeIgniter.php(846): class_exists('\\App\\Controllers\\Login', true)
 8 SYSTEMPATH\CodeIgniter.php(453): CodeIgniter\CodeIgniter->startController()
 9 SYSTEMPATH\CodeIgniter.php(349): CodeIgniter\CodeIgniter->handleRequest(null, Object(Config\Cache), false)
10 FCPATH\index.php(55): CodeIgniter\CodeIgniter->run()
11 SYSTEMPATH\Commands\Server\rewrite.php(43): require_once('FCPATH\\index.php')
CRITICAL - 2022-07-27 06:46:29 --> SMTP Error: Could not connect to SMTP host.
in VENDORPATH\phpmailer\phpmailer\src\PHPMailer.php on line 2207.
 1 VENDORPATH\phpmailer\phpmailer\src\PHPMailer.php(1996): PHPMailer\PHPMailer\PHPMailer->smtpConnect([])
 2 VENDORPATH\phpmailer\phpmailer\src\PHPMailer.php(1662): PHPMailer\PHPMailer\PHPMailer->smtpSend('Date: Wed, 27 Jul 2022 06:46:28 +0700
To: eosaplikasi1020@gmail.com
From: Muslim Basic <didinsaja25@gmail.com>
Subject: Verification Account
Message-ID: <oBPskjlPSMxW2bWI6WqxrO8UZ3VGjAHyOfGZ5zk@localhost>
X-Mailer: PHPMailer 6.6.3 (https://github.com/PHPMailer/PHPMailer)
MIME-Version: 1.0
Content-Type: text/html; charset=iso-8859-1

', 'Click this link to verify you account : <a href="/login/verify/eosaplikasi1020@gmail.com/23dfOSzt7UJabjpb5yu4l%2FSvsWMsjWuXe7zdYc6xHiE%3D">activate</a>
')
 3 VENDORPATH\phpmailer\phpmailer\src\PHPMailer.php(1500): PHPMailer\PHPMailer\PHPMailer->postSend()
 4 APPPATH\Controllers\Login.php(145): PHPMailer\PHPMailer\PHPMailer->send()
 5 APPPATH\Controllers\Login.php(92): App\Controllers\Login->_sendEmail('eosaplikasi1020@gmail.com', '23dfOSzt7UJabjpb5yu4l/SvsWMsjWuXe7zdYc6xHiE=', 'regis')
 6 SYSTEMPATH\CodeIgniter.php(896): App\Controllers\Login->actionRegis()
 7 SYSTEMPATH\CodeIgniter.php(466): CodeIgniter\CodeIgniter->runController(Object(App\Controllers\Login))
 8 SYSTEMPATH\CodeIgniter.php(349): CodeIgniter\CodeIgniter->handleRequest(null, Object(Config\Cache), false)
 9 FCPATH\index.php(55): CodeIgniter\CodeIgniter->run()
10 SYSTEMPATH\Commands\Server\rewrite.php(43): require_once('FCPATH\\index.php')
ERROR - 2022-07-27 08:34:59 --> Unknown column 'token' in 'where clause'
CRITICAL - 2022-07-27 08:34:59 --> Unknown column 'token' in 'where clause'
in SYSTEMPATH\Database\MySQLi\Connection.php on line 292.
 1 SYSTEMPATH\Database\MySQLi\Connection.php(292): mysqli->query('SELECT *
FROM `m_login`
WHERE `email` = \'eosaplikasi1020@gmail.com\'
AND `token` = \'495eaa59b6303509f212031efb0c82e1\'', 0)
 2 SYSTEMPATH\Database\BaseConnection.php(695): CodeIgniter\Database\MySQLi\Connection->execute('SELECT *
FROM `m_login`
WHERE `email` = \'eosaplikasi1020@gmail.com\'
AND `token` = \'495eaa59b6303509f212031efb0c82e1\'')
 3 SYSTEMPATH\Database\BaseConnection.php(609): CodeIgniter\Database\BaseConnection->simpleQuery('SELECT *
FROM `m_login`
WHERE `email` = \'eosaplikasi1020@gmail.com\'
AND `token` = \'495eaa59b6303509f212031efb0c82e1\'')
 4 SYSTEMPATH\Database\BaseBuilder.php(1718): CodeIgniter\Database\BaseConnection->query('SELECT *
FROM `m_login`
WHERE `email` = :email:
AND `token` = :token:', [...], false)
 5 SYSTEMPATH\Model.php(771): CodeIgniter\Database\BaseBuilder->getWhere([...])
 6 APPPATH\Controllers\Login.php(155): CodeIgniter\Model->__call('getWhere', [...])
 7 SYSTEMPATH\CodeIgniter.php(896): App\Controllers\Login->verify('eosaplikasi1020@gmail.com', '495eaa59b6303509f212031efb0c82e1')
 8 SYSTEMPATH\CodeIgniter.php(466): CodeIgniter\CodeIgniter->runController(Object(App\Controllers\Login))
 9 SYSTEMPATH\CodeIgniter.php(349): CodeIgniter\CodeIgniter->handleRequest(null, Object(Config\Cache), false)
10 FCPATH\index.php(55): CodeIgniter\CodeIgniter->run()
11 SYSTEMPATH\Commands\Server\rewrite.php(43): require_once('FCPATH\\index.php')
CRITICAL - 2022-07-27 08:35:30 --> Unsupported operand types: CodeIgniter\I18n\Time - string
in APPPATH\Controllers\Login.php on line 161.
 1 SYSTEMPATH\CodeIgniter.php(896): App\Controllers\Login->verify('eosaplikasi1020@gmail.com', '495eaa59b6303509f212031efb0c82e1')
 2 SYSTEMPATH\CodeIgniter.php(466): CodeIgniter\CodeIgniter->runController(Object(App\Controllers\Login))
 3 SYSTEMPATH\CodeIgniter.php(349): CodeIgniter\CodeIgniter->handleRequest(null, Object(Config\Cache), false)
 4 FCPATH\index.php(55): CodeIgniter\CodeIgniter->run()
 5 SYSTEMPATH\Commands\Server\rewrite.php(43): require_once('FCPATH\\index.php')
CRITICAL - 2022-07-27 08:36:56 --> Unsupported operand types: CodeIgniter\I18n\Time - string
in APPPATH\Controllers\Login.php on line 161.
 1 SYSTEMPATH\CodeIgniter.php(896): App\Controllers\Login->verify('eosaplikasi1020@gmail.com', '495eaa59b6303509f212031efb0c82e1')
 2 SYSTEMPATH\CodeIgniter.php(466): CodeIgniter\CodeIgniter->runController(Object(App\Controllers\Login))
 3 SYSTEMPATH\CodeIgniter.php(349): CodeIgniter\CodeIgniter->handleRequest(null, Object(Config\Cache), false)
 4 FCPATH\index.php(55): CodeIgniter\CodeIgniter->run()
 5 SYSTEMPATH\Commands\Server\rewrite.php(43): require_once('FCPATH\\index.php')
CRITICAL - 2022-07-27 22:51:08 --> Non-static method CodeIgniter\I18n\Time::toDateTime() cannot be called statically
in APPPATH\Controllers\Login.php on line 158.
 1 SYSTEMPATH\CodeIgniter.php(896): App\Controllers\Login->verify('eosaplikasi1020@gmail.com', '375eb44dbd8d0bbf0352f20976e4e5bd')
 2 SYSTEMPATH\CodeIgniter.php(466): CodeIgniter\CodeIgniter->runController(Object(App\Controllers\Login))
 3 SYSTEMPATH\CodeIgniter.php(349): CodeIgniter\CodeIgniter->handleRequest(null, Object(Config\Cache), false)
 4 FCPATH\index.php(55): CodeIgniter\CodeIgniter->run()
 5 SYSTEMPATH\Commands\Server\rewrite.php(43): require_once('FCPATH\\index.php')
CRITICAL - 2022-07-27 22:51:51 --> Too few arguments to function CodeIgniter\I18n\Time::parse(), 0 passed in C:\xampp80\htdocs\AppMuslimBasic\app\Controllers\Login.php on line 158 and at least 1 expected
in SYSTEMPATH\I18n\Time.php on line 129.
 1 APPPATH\Controllers\Login.php(158): CodeIgniter\I18n\Time::parse()
 2 SYSTEMPATH\CodeIgniter.php(896): App\Controllers\Login->verify('eosaplikasi1020@gmail.com', '375eb44dbd8d0bbf0352f20976e4e5bd')
 3 SYSTEMPATH\CodeIgniter.php(466): CodeIgniter\CodeIgniter->runController(Object(App\Controllers\Login))
 4 SYSTEMPATH\CodeIgniter.php(349): CodeIgniter\CodeIgniter->handleRequest(null, Object(Config\Cache), false)
 5 FCPATH\index.php(55): CodeIgniter\CodeIgniter->run()
 6 SYSTEMPATH\Commands\Server\rewrite.php(43): require_once('FCPATH\\index.php')
CRITICAL - 2022-07-27 22:52:44 --> Too few arguments to function CodeIgniter\I18n\Time::parse(), 0 passed in C:\xampp80\htdocs\AppMuslimBasic\app\Controllers\Login.php on line 158 and at least 1 expected
in SYSTEMPATH\I18n\Time.php on line 129.
 1 APPPATH\Controllers\Login.php(158): CodeIgniter\I18n\Time::parse()
 2 SYSTEMPATH\CodeIgniter.php(896): App\Controllers\Login->verify('eosaplikasi1020@gmail.com', '375eb44dbd8d0bbf0352f20976e4e5bd')
 3 SYSTEMPATH\CodeIgniter.php(466): CodeIgniter\CodeIgniter->runController(Object(App\Controllers\Login))
 4 SYSTEMPATH\CodeIgniter.php(349): CodeIgniter\CodeIgniter->handleRequest(null, Object(Config\Cache), false)
 5 FCPATH\index.php(55): CodeIgniter\CodeIgniter->run()
 6 SYSTEMPATH\Commands\Server\rewrite.php(43): require_once('FCPATH\\index.php')
CRITICAL - 2022-07-27 22:53:33 --> Call to a member function toTimeString() on string
in APPPATH\Controllers\Login.php on line 161.
 1 SYSTEMPATH\CodeIgniter.php(896): App\Controllers\Login->verify('eosaplikasi1020@gmail.com', '375eb44dbd8d0bbf0352f20976e4e5bd')
 2 SYSTEMPATH\CodeIgniter.php(466): CodeIgniter\CodeIgniter->runController(Object(App\Controllers\Login))
 3 SYSTEMPATH\CodeIgniter.php(349): CodeIgniter\CodeIgniter->handleRequest(null, Object(Config\Cache), false)
 4 FCPATH\index.php(55): CodeIgniter\CodeIgniter->run()
 5 SYSTEMPATH\Commands\Server\rewrite.php(43): require_once('FCPATH\\index.php')
CRITICAL - 2022-07-27 23:01:16 --> Unsupported operand types: CodeIgniter\I18n\Time - CodeIgniter\I18n\Time
in APPPATH\Controllers\Login.php on line 165.
 1 SYSTEMPATH\CodeIgniter.php(896): App\Controllers\Login->verify('eosaplikasi1020@gmail.com', '375eb44dbd8d0bbf0352f20976e4e5bd')
 2 SYSTEMPATH\CodeIgniter.php(466): CodeIgniter\CodeIgniter->runController(Object(App\Controllers\Login))
 3 SYSTEMPATH\CodeIgniter.php(349): CodeIgniter\CodeIgniter->handleRequest(null, Object(Config\Cache), false)
 4 FCPATH\index.php(55): CodeIgniter\CodeIgniter->run()
 5 SYSTEMPATH\Commands\Server\rewrite.php(43): require_once('FCPATH\\index.php')
CRITICAL - 2022-07-27 23:01:54 --> A non-numeric value encountered
in APPPATH\Controllers\Login.php on line 165.
 1 APPPATH\Controllers\Login.php(165): CodeIgniter\Debug\Exceptions->errorHandler(2, 'A non-numeric value encountered', 'APPPATH\\Controllers\\Login.php', 165)
 2 SYSTEMPATH\CodeIgniter.php(896): App\Controllers\Login->verify('eosaplikasi1020@gmail.com', '375eb44dbd8d0bbf0352f20976e4e5bd')
 3 SYSTEMPATH\CodeIgniter.php(466): CodeIgniter\CodeIgniter->runController(Object(App\Controllers\Login))
 4 SYSTEMPATH\CodeIgniter.php(349): CodeIgniter\CodeIgniter->handleRequest(null, Object(Config\Cache), false)
 5 FCPATH\index.php(55): CodeIgniter\CodeIgniter->run()
 6 SYSTEMPATH\Commands\Server\rewrite.php(43): require_once('FCPATH\\index.php')
CRITICAL - 2022-07-27 23:07:14 --> A non-numeric value encountered
in APPPATH\Controllers\Login.php on line 166.
 1 APPPATH\Controllers\Login.php(166): CodeIgniter\Debug\Exceptions->errorHandler(2, 'A non-numeric value encountered', 'APPPATH\\Controllers\\Login.php', 166)
 2 SYSTEMPATH\CodeIgniter.php(896): App\Controllers\Login->verify('eosaplikasi1020@gmail.com', '375eb44dbd8d0bbf0352f20976e4e5bd')
 3 SYSTEMPATH\CodeIgniter.php(466): CodeIgniter\CodeIgniter->runController(Object(App\Controllers\Login))
 4 SYSTEMPATH\CodeIgniter.php(349): CodeIgniter\CodeIgniter->handleRequest(null, Object(Config\Cache), false)
 5 FCPATH\index.php(55): CodeIgniter\CodeIgniter->run()
 6 SYSTEMPATH\Commands\Server\rewrite.php(43): require_once('FCPATH\\index.php')
CRITICAL - 2022-07-27 23:17:55 --> Non-static method CodeIgniter\I18n\Time::toDateTime() cannot be called statically
in APPPATH\Controllers\Login.php on line 166.
 1 SYSTEMPATH\CodeIgniter.php(896): App\Controllers\Login->verify('eosaplikasi1020@gmail.com', 'f34798a248d6c207a6d5fbe2d7bd815e')
 2 SYSTEMPATH\CodeIgniter.php(466): CodeIgniter\CodeIgniter->runController(Object(App\Controllers\Login))
 3 SYSTEMPATH\CodeIgniter.php(349): CodeIgniter\CodeIgniter->handleRequest(null, Object(Config\Cache), false)
 4 FCPATH\index.php(55): CodeIgniter\CodeIgniter->run()
 5 SYSTEMPATH\Commands\Server\rewrite.php(43): require_once('FCPATH\\index.php')
CRITICAL - 2022-07-27 23:34:12 --> There is no data to update.
in SYSTEMPATH\BaseModel.php on line 1576.
 1 SYSTEMPATH\BaseModel.php(1576): CodeIgniter\Database\Exceptions\DataException::forEmptyDataset('update')
 2 SYSTEMPATH\BaseModel.php(832): CodeIgniter\BaseModel->transformDataToArray(null, 'update')
 3 SYSTEMPATH\Model.php(692): CodeIgniter\BaseModel->update([...], null)
 4 APPPATH\Controllers\Login.php(177): CodeIgniter\Model->update([...])
 5 SYSTEMPATH\CodeIgniter.php(896): App\Controllers\Login->verify('eosaplikasi1020@gmail.com', '37cd45c233ec2f066a358fb1f80adb28')
 6 SYSTEMPATH\CodeIgniter.php(466): CodeIgniter\CodeIgniter->runController(Object(App\Controllers\Login))
 7 SYSTEMPATH\CodeIgniter.php(349): CodeIgniter\CodeIgniter->handleRequest(null, Object(Config\Cache), false)
 8 FCPATH\index.php(55): CodeIgniter\CodeIgniter->run()
 9 SYSTEMPATH\Commands\Server\rewrite.php(43): require_once('FCPATH\\index.php')
CRITICAL - 2022-07-27 23:36:24 --> There is no data to update.
in SYSTEMPATH\BaseModel.php on line 846.
 1 SYSTEMPATH\BaseModel.php(846): CodeIgniter\Database\Exceptions\DataException::forEmptyDataset('update')
 2 SYSTEMPATH\Model.php(692): CodeIgniter\BaseModel->update([...], [])
 3 APPPATH\Controllers\Login.php(175): CodeIgniter\Model->update([...], [...])
 4 SYSTEMPATH\CodeIgniter.php(896): App\Controllers\Login->verify('eosaplikasi1020@gmail.com', '37cd45c233ec2f066a358fb1f80adb28')
 5 SYSTEMPATH\CodeIgniter.php(466): CodeIgniter\CodeIgniter->runController(Object(App\Controllers\Login))
 6 SYSTEMPATH\CodeIgniter.php(349): CodeIgniter\CodeIgniter->handleRequest(null, Object(Config\Cache), false)
 7 FCPATH\index.php(55): CodeIgniter\CodeIgniter->run()
 8 SYSTEMPATH\Commands\Server\rewrite.php(43): require_once('FCPATH\\index.php')
CRITICAL - 2022-07-27 23:37:16 --> There is no data to update.
in SYSTEMPATH\BaseModel.php on line 846.
 1 SYSTEMPATH\BaseModel.php(846): CodeIgniter\Database\Exceptions\DataException::forEmptyDataset('update')
 2 SYSTEMPATH\Model.php(692): CodeIgniter\BaseModel->update([...], [])
 3 APPPATH\Controllers\Login.php(175): CodeIgniter\Model->update([...], [...])
 4 SYSTEMPATH\CodeIgniter.php(896): App\Controllers\Login->verify('eosaplikasi1020@gmail.com', '37cd45c233ec2f066a358fb1f80adb28')
 5 SYSTEMPATH\CodeIgniter.php(466): CodeIgniter\CodeIgniter->runController(Object(App\Controllers\Login))
 6 SYSTEMPATH\CodeIgniter.php(349): CodeIgniter\CodeIgniter->handleRequest(null, Object(Config\Cache), false)
 7 FCPATH\index.php(55): CodeIgniter\CodeIgniter->run()
 8 SYSTEMPATH\Commands\Server\rewrite.php(43): require_once('FCPATH\\index.php')
CRITICAL - 2022-07-27 23:41:50 --> There is no data to update.
in SYSTEMPATH\BaseModel.php on line 1576.
 1 SYSTEMPATH\BaseModel.php(1576): CodeIgniter\Database\Exceptions\DataException::forEmptyDataset('update')
 2 SYSTEMPATH\BaseModel.php(832): CodeIgniter\BaseModel->transformDataToArray(null, 'update')
 3 SYSTEMPATH\Model.php(692): CodeIgniter\BaseModel->update([...], null)
 4 APPPATH\Controllers\Login.php(177): CodeIgniter\Model->update([...])
 5 SYSTEMPATH\CodeIgniter.php(896): App\Controllers\Login->verify('eosaplikasi1020@gmail.com', '37cd45c233ec2f066a358fb1f80adb28')
 6 SYSTEMPATH\CodeIgniter.php(466): CodeIgniter\CodeIgniter->runController(Object(App\Controllers\Login))
 7 SYSTEMPATH\CodeIgniter.php(349): CodeIgniter\CodeIgniter->handleRequest(null, Object(Config\Cache), false)
 8 FCPATH\index.php(55): CodeIgniter\CodeIgniter->run()
 9 SYSTEMPATH\Commands\Server\rewrite.php(43): require_once('FCPATH\\index.php')
CRITICAL - 2022-07-27 23:41:52 --> There is no data to update.
in SYSTEMPATH\BaseModel.php on line 1576.
 1 SYSTEMPATH\BaseModel.php(1576): CodeIgniter\Database\Exceptions\DataException::forEmptyDataset('update')
 2 SYSTEMPATH\BaseModel.php(832): CodeIgniter\BaseModel->transformDataToArray(null, 'update')
 3 SYSTEMPATH\Model.php(692): CodeIgniter\BaseModel->update([...], null)
 4 APPPATH\Controllers\Login.php(177): CodeIgniter\Model->update([...])
 5 SYSTEMPATH\CodeIgniter.php(896): App\Controllers\Login->verify('eosaplikasi1020@gmail.com', '37cd45c233ec2f066a358fb1f80adb28')
 6 SYSTEMPATH\CodeIgniter.php(466): CodeIgniter\CodeIgniter->runController(Object(App\Controllers\Login))
 7 SYSTEMPATH\CodeIgniter.php(349): CodeIgniter\CodeIgniter->handleRequest(null, Object(Config\Cache), false)
 8 FCPATH\index.php(55): CodeIgniter\CodeIgniter->run()
 9 SYSTEMPATH\Commands\Server\rewrite.php(43): require_once('FCPATH\\index.php')
CRITICAL - 2022-07-27 23:43:08 --> There is no data to update.
in SYSTEMPATH\BaseModel.php on line 1576.
 1 SYSTEMPATH\BaseModel.php(1576): CodeIgniter\Database\Exceptions\DataException::forEmptyDataset('update')
 2 SYSTEMPATH\BaseModel.php(832): CodeIgniter\BaseModel->transformDataToArray(null, 'update')
 3 SYSTEMPATH\Model.php(692): CodeIgniter\BaseModel->update([...], null)
 4 APPPATH\Controllers\Login.php(179): CodeIgniter\Model->update([...])
 5 SYSTEMPATH\CodeIgniter.php(896): App\Controllers\Login->verify('eosaplikasi1020@gmail.com', '37cd45c233ec2f066a358fb1f80adb28')
 6 SYSTEMPATH\CodeIgniter.php(466): CodeIgniter\CodeIgniter->runController(Object(App\Controllers\Login))
 7 SYSTEMPATH\CodeIgniter.php(349): CodeIgniter\CodeIgniter->handleRequest(null, Object(Config\Cache), false)
 8 FCPATH\index.php(55): CodeIgniter\CodeIgniter->run()
 9 SYSTEMPATH\Commands\Server\rewrite.php(43): require_once('FCPATH\\index.php')
CRITICAL - 2022-07-27 23:43:15 --> There is no data to update.
in SYSTEMPATH\BaseModel.php on line 1576.
 1 SYSTEMPATH\BaseModel.php(1576): CodeIgniter\Database\Exceptions\DataException::forEmptyDataset('update')
 2 SYSTEMPATH\BaseModel.php(832): CodeIgniter\BaseModel->transformDataToArray(null, 'update')
 3 SYSTEMPATH\Model.php(692): CodeIgniter\BaseModel->update([...], null)
 4 APPPATH\Controllers\Login.php(179): CodeIgniter\Model->update([...])
 5 SYSTEMPATH\CodeIgniter.php(896): App\Controllers\Login->verify('eosaplikasi1020@gmail.com', '37cd45c233ec2f066a358fb1f80adb28')
 6 SYSTEMPATH\CodeIgniter.php(466): CodeIgniter\CodeIgniter->runController(Object(App\Controllers\Login))
 7 SYSTEMPATH\CodeIgniter.php(349): CodeIgniter\CodeIgniter->handleRequest(null, Object(Config\Cache), false)
 8 FCPATH\index.php(55): CodeIgniter\CodeIgniter->run()
 9 SYSTEMPATH\Commands\Server\rewrite.php(43): require_once('FCPATH\\index.php')
CRITICAL - 2022-07-27 23:44:10 --> There is no data to update.
in SYSTEMPATH\BaseModel.php on line 1576.
 1 SYSTEMPATH\BaseModel.php(1576): CodeIgniter\Database\Exceptions\DataException::forEmptyDataset('update')
 2 SYSTEMPATH\BaseModel.php(832): CodeIgniter\BaseModel->transformDataToArray(null, 'update')
 3 SYSTEMPATH\Model.php(692): CodeIgniter\BaseModel->update([...], null)
 4 APPPATH\Controllers\Login.php(180): CodeIgniter\Model->update([...])
 5 SYSTEMPATH\CodeIgniter.php(896): App\Controllers\Login->verify('eosaplikasi1020@gmail.com', '37cd45c233ec2f066a358fb1f80adb28')
 6 SYSTEMPATH\CodeIgniter.php(466): CodeIgniter\CodeIgniter->runController(Object(App\Controllers\Login))
 7 SYSTEMPATH\CodeIgniter.php(349): CodeIgniter\CodeIgniter->handleRequest(null, Object(Config\Cache), false)
 8 FCPATH\index.php(55): CodeIgniter\CodeIgniter->run()
 9 SYSTEMPATH\Commands\Server\rewrite.php(43): require_once('FCPATH\\index.php')
