ERROR - 2022-07-29 03:27:36 --> You have an error in your SQL syntax; check the manual that corresponds to your MariaDB server version for the right syntax to use near 'WHERE
                        b.is_valid = 1' at line 5
CRITICAL - 2022-07-29 03:27:36 --> You have an error in your SQL syntax; check the manual that corresponds to your MariaDB server version for the right syntax to use near 'WHERE
                        b.is_valid = 1' at line 5
in SYSTEMPATH\Database\MySQLi\Connection.php on line 292.
 1 SYSTEMPATH\Database\MySQLi\Connection.php(292): mysqli->query('SELECT a.category_id, a.name as category_name, b.product_id, b.name as product_name, b.price, b.weight, b.qty, b.created_at
                    FROM 
                        m_category a 
                        LEFT JOIN m_product b ON a.category_id = b.category_id;
                    WHERE
                        b.is_valid = 1
                ', 0)
 2 SYSTEMPATH\Database\BaseConnection.php(695): CodeIgniter\Database\MySQLi\Connection->execute('SELECT a.category_id, a.name as category_name, b.product_id, b.name as product_name, b.price, b.weight, b.qty, b.created_at
                    FROM 
                        m_category a 
                        LEFT JOIN m_product b ON a.category_id = b.category_id;
                    WHERE
                        b.is_valid = 1
                ')
 3 SYSTEMPATH\Database\BaseConnection.php(609): CodeIgniter\Database\BaseConnection->simpleQuery('SELECT a.category_id, a.name as category_name, b.product_id, b.name as product_name, b.price, b.weight, b.qty, b.created_at
                    FROM 
                        m_category a 
                        LEFT JOIN m_product b ON a.category_id = b.category_id;
                    WHERE
                        b.is_valid = 1
                ')
 4 APPPATH\Controllers\ProsesAdmin.php(32): CodeIgniter\Database\BaseConnection->query('SELECT a.category_id, a.name as category_name, b.product_id, b.name as product_name, b.price, b.weight, b.qty, b.created_at
                    FROM 
                        m_category a 
                        LEFT JOIN m_product b ON a.category_id = b.category_id;
                    WHERE
                        b.is_valid = 1
                ')
 5 SYSTEMPATH\CodeIgniter.php(896): App\Controllers\ProsesAdmin->displayProduct()
 6 SYSTEMPATH\CodeIgniter.php(466): CodeIgniter\CodeIgniter->runController(Object(App\Controllers\ProsesAdmin))
 7 SYSTEMPATH\CodeIgniter.php(349): CodeIgniter\CodeIgniter->handleRequest(null, Object(Config\Cache), false)
 8 FCPATH\index.php(55): CodeIgniter\CodeIgniter->run()
 9 SYSTEMPATH\Commands\Server\rewrite.php(43): require_once('FCPATH\\index.php')
ERROR - 2022-07-29 04:41:50 --> You have an error in your SQL syntax; check the manual that corresponds to your MariaDB server version for the right syntax to use near 'WHERE1=1  ORDER BY a.category_id asc LIMIT 0, 5' at line 4
CRITICAL - 2022-07-29 04:41:50 --> You have an error in your SQL syntax; check the manual that corresponds to your MariaDB server version for the right syntax to use near 'WHERE1=1  ORDER BY a.category_id asc LIMIT 0, 5' at line 4
in SYSTEMPATH\Database\MySQLi\Connection.php on line 292.
 1 SYSTEMPATH\Database\MySQLi\Connection.php(292): mysqli->query('SELECT * FROM (SELECT a.category_id, a.name as category_name, b.product_id, b.name as product_name, b.price, b.weight, b.qty, b.created_at
                FROM m_category a LEFT JOIN m_product b ON a.category_id = b.category_id 
                WHERE 
                    b.is_valid = 1 ) a WHERE1=1  ORDER BY a.category_id asc LIMIT 0, 5 ', 0)
 2 SYSTEMPATH\Database\BaseConnection.php(695): CodeIgniter\Database\MySQLi\Connection->execute('SELECT * FROM (SELECT a.category_id, a.name as category_name, b.product_id, b.name as product_name, b.price, b.weight, b.qty, b.created_at
                FROM m_category a LEFT JOIN m_product b ON a.category_id = b.category_id 
                WHERE 
                    b.is_valid = 1 ) a WHERE1=1  ORDER BY a.category_id asc LIMIT 0, 5 ')
 3 SYSTEMPATH\Database\BaseConnection.php(609): CodeIgniter\Database\BaseConnection->simpleQuery('SELECT * FROM (SELECT a.category_id, a.name as category_name, b.product_id, b.name as product_name, b.price, b.weight, b.qty, b.created_at
                FROM m_category a LEFT JOIN m_product b ON a.category_id = b.category_id 
                WHERE 
                    b.is_valid = 1 ) a WHERE1=1  ORDER BY a.category_id asc LIMIT 0, 5 ')
 4 APPPATH\Controllers\ProsesAdmin.php(56): CodeIgniter\Database\BaseConnection->query('SELECT * FROM (SELECT a.category_id, a.name as category_name, b.product_id, b.name as product_name, b.price, b.weight, b.qty, b.created_at
                FROM m_category a LEFT JOIN m_product b ON a.category_id = b.category_id 
                WHERE 
                    b.is_valid = 1 ) a WHERE1=1  ORDER BY a.category_id asc LIMIT 0, 5 ')
 5 SYSTEMPATH\CodeIgniter.php(896): App\Controllers\ProsesAdmin->displayProduct()
 6 SYSTEMPATH\CodeIgniter.php(466): CodeIgniter\CodeIgniter->runController(Object(App\Controllers\ProsesAdmin))
 7 SYSTEMPATH\CodeIgniter.php(349): CodeIgniter\CodeIgniter->handleRequest(null, Object(Config\Cache), false)
 8 FCPATH\index.php(55): CodeIgniter\CodeIgniter->run()
 9 SYSTEMPATH\Commands\Server\rewrite.php(43): require_once('FCPATH\\index.php')
ERROR - 2022-07-29 04:43:20 --> You have an error in your SQL syntax; check the manual that corresponds to your MariaDB server version for the right syntax to use near 'WHERE1=1  ORDER BY a.category_id asc LIMIT 0, 5' at line 4
CRITICAL - 2022-07-29 04:43:20 --> You have an error in your SQL syntax; check the manual that corresponds to your MariaDB server version for the right syntax to use near 'WHERE1=1  ORDER BY a.category_id asc LIMIT 0, 5' at line 4
in SYSTEMPATH\Database\MySQLi\Connection.php on line 292.
 1 SYSTEMPATH\Database\MySQLi\Connection.php(292): mysqli->query('SELECT * FROM (SELECT a.category_id, a.name as category_name, b.product_id, b.name as product_name, b.price, b.weight, b.qty, b.created_at
                FROM m_category a LEFT JOIN m_product b ON a.category_id = b.category_id 
                WHERE 
                    b.is_valid = 1 ) a WHERE1=1  ORDER BY a.category_id asc LIMIT 0, 5 ', 0)
 2 SYSTEMPATH\Database\BaseConnection.php(695): CodeIgniter\Database\MySQLi\Connection->execute('SELECT * FROM (SELECT a.category_id, a.name as category_name, b.product_id, b.name as product_name, b.price, b.weight, b.qty, b.created_at
                FROM m_category a LEFT JOIN m_product b ON a.category_id = b.category_id 
                WHERE 
                    b.is_valid = 1 ) a WHERE1=1  ORDER BY a.category_id asc LIMIT 0, 5 ')
 3 SYSTEMPATH\Database\BaseConnection.php(609): CodeIgniter\Database\BaseConnection->simpleQuery('SELECT * FROM (SELECT a.category_id, a.name as category_name, b.product_id, b.name as product_name, b.price, b.weight, b.qty, b.created_at
                FROM m_category a LEFT JOIN m_product b ON a.category_id = b.category_id 
                WHERE 
                    b.is_valid = 1 ) a WHERE1=1  ORDER BY a.category_id asc LIMIT 0, 5 ')
 4 APPPATH\Controllers\ProsesAdmin.php(56): CodeIgniter\Database\BaseConnection->query('SELECT * FROM (SELECT a.category_id, a.name as category_name, b.product_id, b.name as product_name, b.price, b.weight, b.qty, b.created_at
                FROM m_category a LEFT JOIN m_product b ON a.category_id = b.category_id 
                WHERE 
                    b.is_valid = 1 ) a WHERE1=1  ORDER BY a.category_id asc LIMIT 0, 5 ')
 5 SYSTEMPATH\CodeIgniter.php(896): App\Controllers\ProsesAdmin->displayProduct()
 6 SYSTEMPATH\CodeIgniter.php(466): CodeIgniter\CodeIgniter->runController(Object(App\Controllers\ProsesAdmin))
 7 SYSTEMPATH\CodeIgniter.php(349): CodeIgniter\CodeIgniter->handleRequest(null, Object(Config\Cache), false)
 8 FCPATH\index.php(55): CodeIgniter\CodeIgniter->run()
 9 SYSTEMPATH\Commands\Server\rewrite.php(43): require_once('FCPATH\\index.php')
ERROR - 2022-07-29 04:45:52 --> You have an error in your SQL syntax; check the manual that corresponds to your MariaDB server version for the right syntax to use near 'WHERE1=1  ORDER BY a.category_id asc LIMIT 0, 5' at line 4
CRITICAL - 2022-07-29 04:45:52 --> You have an error in your SQL syntax; check the manual that corresponds to your MariaDB server version for the right syntax to use near 'WHERE1=1  ORDER BY a.category_id asc LIMIT 0, 5' at line 4
in SYSTEMPATH\Database\MySQLi\Connection.php on line 292.
 1 SYSTEMPATH\Database\MySQLi\Connection.php(292): mysqli->query('SELECT * FROM (SELECT a.category_id, a.name as category_name, b.product_id, b.name as product_name, b.price, b.weight, b.qty, b.created_at
                FROM m_category a LEFT JOIN m_product b ON a.category_id = b.category_id 
                WHERE 
                    b.is_valid = 1 ) a WHERE1=1  ORDER BY a.category_id asc LIMIT 0, 5 ', 0)
 2 SYSTEMPATH\Database\BaseConnection.php(695): CodeIgniter\Database\MySQLi\Connection->execute('SELECT * FROM (SELECT a.category_id, a.name as category_name, b.product_id, b.name as product_name, b.price, b.weight, b.qty, b.created_at
                FROM m_category a LEFT JOIN m_product b ON a.category_id = b.category_id 
                WHERE 
                    b.is_valid = 1 ) a WHERE1=1  ORDER BY a.category_id asc LIMIT 0, 5 ')
 3 SYSTEMPATH\Database\BaseConnection.php(609): CodeIgniter\Database\BaseConnection->simpleQuery('SELECT * FROM (SELECT a.category_id, a.name as category_name, b.product_id, b.name as product_name, b.price, b.weight, b.qty, b.created_at
                FROM m_category a LEFT JOIN m_product b ON a.category_id = b.category_id 
                WHERE 
                    b.is_valid = 1 ) a WHERE1=1  ORDER BY a.category_id asc LIMIT 0, 5 ')
 4 APPPATH\Controllers\ProsesAdmin.php(56): CodeIgniter\Database\BaseConnection->query('SELECT * FROM (SELECT a.category_id, a.name as category_name, b.product_id, b.name as product_name, b.price, b.weight, b.qty, b.created_at
                FROM m_category a LEFT JOIN m_product b ON a.category_id = b.category_id 
                WHERE 
                    b.is_valid = 1 ) a WHERE1=1  ORDER BY a.category_id asc LIMIT 0, 5 ')
 5 SYSTEMPATH\CodeIgniter.php(896): App\Controllers\ProsesAdmin->displayProduct()
 6 SYSTEMPATH\CodeIgniter.php(466): CodeIgniter\CodeIgniter->runController(Object(App\Controllers\ProsesAdmin))
 7 SYSTEMPATH\CodeIgniter.php(349): CodeIgniter\CodeIgniter->handleRequest(null, Object(Config\Cache), false)
 8 FCPATH\index.php(55): CodeIgniter\CodeIgniter->run()
 9 SYSTEMPATH\Commands\Server\rewrite.php(43): require_once('FCPATH\\index.php')
ERROR - 2022-07-29 04:46:08 --> You have an error in your SQL syntax; check the manual that corresponds to your MariaDB server version for the right syntax to use near 'WHERE1=1  ORDER BY a.category_id asc LIMIT 0, 5' at line 4
CRITICAL - 2022-07-29 04:46:08 --> You have an error in your SQL syntax; check the manual that corresponds to your MariaDB server version for the right syntax to use near 'WHERE1=1  ORDER BY a.category_id asc LIMIT 0, 5' at line 4
in SYSTEMPATH\Database\MySQLi\Connection.php on line 292.
 1 SYSTEMPATH\Database\MySQLi\Connection.php(292): mysqli->query('SELECT * FROM (SELECT a.category_id, a.name as category_name, b.product_id, b.name as product_name, b.price, b.weight, b.qty, b.created_at
                FROM m_category a LEFT JOIN m_product b ON a.category_id = b.category_id 
                WHERE 
                    b.is_valid = 1 ) a WHERE1=1  ORDER BY a.category_id asc LIMIT 0, 5 ', 0)
 2 SYSTEMPATH\Database\BaseConnection.php(695): CodeIgniter\Database\MySQLi\Connection->execute('SELECT * FROM (SELECT a.category_id, a.name as category_name, b.product_id, b.name as product_name, b.price, b.weight, b.qty, b.created_at
                FROM m_category a LEFT JOIN m_product b ON a.category_id = b.category_id 
                WHERE 
                    b.is_valid = 1 ) a WHERE1=1  ORDER BY a.category_id asc LIMIT 0, 5 ')
 3 SYSTEMPATH\Database\BaseConnection.php(609): CodeIgniter\Database\BaseConnection->simpleQuery('SELECT * FROM (SELECT a.category_id, a.name as category_name, b.product_id, b.name as product_name, b.price, b.weight, b.qty, b.created_at
                FROM m_category a LEFT JOIN m_product b ON a.category_id = b.category_id 
                WHERE 
                    b.is_valid = 1 ) a WHERE1=1  ORDER BY a.category_id asc LIMIT 0, 5 ')
 4 APPPATH\Controllers\ProsesAdmin.php(56): CodeIgniter\Database\BaseConnection->query('SELECT * FROM (SELECT a.category_id, a.name as category_name, b.product_id, b.name as product_name, b.price, b.weight, b.qty, b.created_at
                FROM m_category a LEFT JOIN m_product b ON a.category_id = b.category_id 
                WHERE 
                    b.is_valid = 1 ) a WHERE1=1  ORDER BY a.category_id asc LIMIT 0, 5 ')
 5 SYSTEMPATH\CodeIgniter.php(896): App\Controllers\ProsesAdmin->displayProduct()
 6 SYSTEMPATH\CodeIgniter.php(466): CodeIgniter\CodeIgniter->runController(Object(App\Controllers\ProsesAdmin))
 7 SYSTEMPATH\CodeIgniter.php(349): CodeIgniter\CodeIgniter->handleRequest(null, Object(Config\Cache), false)
 8 FCPATH\index.php(55): CodeIgniter\CodeIgniter->run()
 9 SYSTEMPATH\Commands\Server\rewrite.php(43): require_once('FCPATH\\index.php')
ERROR - 2022-07-29 04:50:00 --> You have an error in your SQL syntax; check the manual that corresponds to your MariaDB server version for the right syntax to use near 'WHERE1=1  ORDER BY a.category_id asc LIMIT 0, 5' at line 4
CRITICAL - 2022-07-29 04:50:00 --> You have an error in your SQL syntax; check the manual that corresponds to your MariaDB server version for the right syntax to use near 'WHERE1=1  ORDER BY a.category_id asc LIMIT 0, 5' at line 4
in SYSTEMPATH\Database\MySQLi\Connection.php on line 292.
 1 SYSTEMPATH\Database\MySQLi\Connection.php(292): mysqli->query('SELECT * FROM (SELECT a.category_id, a.name as category_name, b.product_id, b.name as product_name, b.price, b.weight, b.qty, b.created_at
                FROM m_category a LEFT JOIN m_product b ON a.category_id = b.category_id 
                WHERE 
                    b.is_valid = 1 ) a WHERE1=1  ORDER BY a.category_id asc LIMIT 0, 5 ', 0)
 2 SYSTEMPATH\Database\BaseConnection.php(695): CodeIgniter\Database\MySQLi\Connection->execute('SELECT * FROM (SELECT a.category_id, a.name as category_name, b.product_id, b.name as product_name, b.price, b.weight, b.qty, b.created_at
                FROM m_category a LEFT JOIN m_product b ON a.category_id = b.category_id 
                WHERE 
                    b.is_valid = 1 ) a WHERE1=1  ORDER BY a.category_id asc LIMIT 0, 5 ')
 3 SYSTEMPATH\Database\BaseConnection.php(609): CodeIgniter\Database\BaseConnection->simpleQuery('SELECT * FROM (SELECT a.category_id, a.name as category_name, b.product_id, b.name as product_name, b.price, b.weight, b.qty, b.created_at
                FROM m_category a LEFT JOIN m_product b ON a.category_id = b.category_id 
                WHERE 
                    b.is_valid = 1 ) a WHERE1=1  ORDER BY a.category_id asc LIMIT 0, 5 ')
 4 APPPATH\Controllers\ProsesAdmin.php(56): CodeIgniter\Database\BaseConnection->query('SELECT * FROM (SELECT a.category_id, a.name as category_name, b.product_id, b.name as product_name, b.price, b.weight, b.qty, b.created_at
                FROM m_category a LEFT JOIN m_product b ON a.category_id = b.category_id 
                WHERE 
                    b.is_valid = 1 ) a WHERE1=1  ORDER BY a.category_id asc LIMIT 0, 5 ')
 5 SYSTEMPATH\CodeIgniter.php(896): App\Controllers\ProsesAdmin->displayProduct()
 6 SYSTEMPATH\CodeIgniter.php(466): CodeIgniter\CodeIgniter->runController(Object(App\Controllers\ProsesAdmin))
 7 SYSTEMPATH\CodeIgniter.php(349): CodeIgniter\CodeIgniter->handleRequest(null, Object(Config\Cache), false)
 8 FCPATH\index.php(55): CodeIgniter\CodeIgniter->run()
 9 SYSTEMPATH\Commands\Server\rewrite.php(43): require_once('FCPATH\\index.php')
ERROR - 2022-07-29 04:50:36 --> You have an error in your SQL syntax; check the manual that corresponds to your MariaDB server version for the right syntax to use near 'WHERE1=1  ORDER BY a.category_id asc LIMIT 0, 5' at line 4
CRITICAL - 2022-07-29 04:50:36 --> You have an error in your SQL syntax; check the manual that corresponds to your MariaDB server version for the right syntax to use near 'WHERE1=1  ORDER BY a.category_id asc LIMIT 0, 5' at line 4
in SYSTEMPATH\Database\MySQLi\Connection.php on line 292.
 1 SYSTEMPATH\Database\MySQLi\Connection.php(292): mysqli->query('SELECT * FROM (SELECT a.category_id, a.name as category_name, b.product_id, b.name as product_name, b.price, b.weight, b.qty, b.created_at
                FROM m_category a LEFT JOIN m_product b ON a.category_id = b.category_id 
                WHERE 
                    b.is_valid = 1 ) a WHERE1=1  ORDER BY a.category_id asc LIMIT 0, 5 ', 0)
 2 SYSTEMPATH\Database\BaseConnection.php(695): CodeIgniter\Database\MySQLi\Connection->execute('SELECT * FROM (SELECT a.category_id, a.name as category_name, b.product_id, b.name as product_name, b.price, b.weight, b.qty, b.created_at
                FROM m_category a LEFT JOIN m_product b ON a.category_id = b.category_id 
                WHERE 
                    b.is_valid = 1 ) a WHERE1=1  ORDER BY a.category_id asc LIMIT 0, 5 ')
 3 SYSTEMPATH\Database\BaseConnection.php(609): CodeIgniter\Database\BaseConnection->simpleQuery('SELECT * FROM (SELECT a.category_id, a.name as category_name, b.product_id, b.name as product_name, b.price, b.weight, b.qty, b.created_at
                FROM m_category a LEFT JOIN m_product b ON a.category_id = b.category_id 
                WHERE 
                    b.is_valid = 1 ) a WHERE1=1  ORDER BY a.category_id asc LIMIT 0, 5 ')
 4 APPPATH\Controllers\ProsesAdmin.php(56): CodeIgniter\Database\BaseConnection->query('SELECT * FROM (SELECT a.category_id, a.name as category_name, b.product_id, b.name as product_name, b.price, b.weight, b.qty, b.created_at
                FROM m_category a LEFT JOIN m_product b ON a.category_id = b.category_id 
                WHERE 
                    b.is_valid = 1 ) a WHERE1=1  ORDER BY a.category_id asc LIMIT 0, 5 ')
 5 SYSTEMPATH\CodeIgniter.php(896): App\Controllers\ProsesAdmin->displayProduct()
 6 SYSTEMPATH\CodeIgniter.php(466): CodeIgniter\CodeIgniter->runController(Object(App\Controllers\ProsesAdmin))
 7 SYSTEMPATH\CodeIgniter.php(349): CodeIgniter\CodeIgniter->handleRequest(null, Object(Config\Cache), false)
 8 FCPATH\index.php(55): CodeIgniter\CodeIgniter->run()
 9 SYSTEMPATH\Commands\Server\rewrite.php(43): require_once('FCPATH\\index.php')
ERROR - 2022-07-29 04:51:13 --> You have an error in your SQL syntax; check the manual that corresponds to your MariaDB server version for the right syntax to use near 'WHERE1=1  ORDER BY a.category_id asc LIMIT 0, 5' at line 4
CRITICAL - 2022-07-29 04:51:13 --> You have an error in your SQL syntax; check the manual that corresponds to your MariaDB server version for the right syntax to use near 'WHERE1=1  ORDER BY a.category_id asc LIMIT 0, 5' at line 4
in SYSTEMPATH\Database\MySQLi\Connection.php on line 292.
 1 SYSTEMPATH\Database\MySQLi\Connection.php(292): mysqli->query('SELECT * FROM (SELECT a.category_id, a.name as category_name, b.product_id, b.name as product_name, b.price, b.weight, b.qty, b.created_at
                FROM m_category a LEFT JOIN m_product b ON a.category_id = b.category_id 
                WHERE 
                    b.is_valid = 1 ) a WHERE1=1  ORDER BY a.category_id asc LIMIT 0, 5 ', 0)
 2 SYSTEMPATH\Database\BaseConnection.php(695): CodeIgniter\Database\MySQLi\Connection->execute('SELECT * FROM (SELECT a.category_id, a.name as category_name, b.product_id, b.name as product_name, b.price, b.weight, b.qty, b.created_at
                FROM m_category a LEFT JOIN m_product b ON a.category_id = b.category_id 
                WHERE 
                    b.is_valid = 1 ) a WHERE1=1  ORDER BY a.category_id asc LIMIT 0, 5 ')
 3 SYSTEMPATH\Database\BaseConnection.php(609): CodeIgniter\Database\BaseConnection->simpleQuery('SELECT * FROM (SELECT a.category_id, a.name as category_name, b.product_id, b.name as product_name, b.price, b.weight, b.qty, b.created_at
                FROM m_category a LEFT JOIN m_product b ON a.category_id = b.category_id 
                WHERE 
                    b.is_valid = 1 ) a WHERE1=1  ORDER BY a.category_id asc LIMIT 0, 5 ')
 4 APPPATH\Controllers\ProsesAdmin.php(56): CodeIgniter\Database\BaseConnection->query('SELECT * FROM (SELECT a.category_id, a.name as category_name, b.product_id, b.name as product_name, b.price, b.weight, b.qty, b.created_at
                FROM m_category a LEFT JOIN m_product b ON a.category_id = b.category_id 
                WHERE 
                    b.is_valid = 1 ) a WHERE1=1  ORDER BY a.category_id asc LIMIT 0, 5 ')
 5 SYSTEMPATH\CodeIgniter.php(896): App\Controllers\ProsesAdmin->displayProduct()
 6 SYSTEMPATH\CodeIgniter.php(466): CodeIgniter\CodeIgniter->runController(Object(App\Controllers\ProsesAdmin))
 7 SYSTEMPATH\CodeIgniter.php(349): CodeIgniter\CodeIgniter->handleRequest(null, Object(Config\Cache), false)
 8 FCPATH\index.php(55): CodeIgniter\CodeIgniter->run()
 9 SYSTEMPATH\Commands\Server\rewrite.php(43): require_once('FCPATH\\index.php')
ERROR - 2022-07-29 04:51:40 --> You have an error in your SQL syntax; check the manual that corresponds to your MariaDB server version for the right syntax to use near 'WHERE1=1  ORDER BY a.category_name asc LIMIT 0, 5' at line 4
CRITICAL - 2022-07-29 04:51:40 --> You have an error in your SQL syntax; check the manual that corresponds to your MariaDB server version for the right syntax to use near 'WHERE1=1  ORDER BY a.category_name asc LIMIT 0, 5' at line 4
in SYSTEMPATH\Database\MySQLi\Connection.php on line 292.
 1 SYSTEMPATH\Database\MySQLi\Connection.php(292): mysqli->query('SELECT * FROM (SELECT a.category_id, a.name as category_name, b.product_id, b.name as product_name, b.price, b.weight, b.qty, b.created_at
                FROM m_category a LEFT JOIN m_product b ON a.category_id = b.category_id 
                WHERE 
                    b.is_valid = 1 ) a WHERE1=1  ORDER BY a.category_name asc LIMIT 0, 5 ', 0)
 2 SYSTEMPATH\Database\BaseConnection.php(695): CodeIgniter\Database\MySQLi\Connection->execute('SELECT * FROM (SELECT a.category_id, a.name as category_name, b.product_id, b.name as product_name, b.price, b.weight, b.qty, b.created_at
                FROM m_category a LEFT JOIN m_product b ON a.category_id = b.category_id 
                WHERE 
                    b.is_valid = 1 ) a WHERE1=1  ORDER BY a.category_name asc LIMIT 0, 5 ')
 3 SYSTEMPATH\Database\BaseConnection.php(609): CodeIgniter\Database\BaseConnection->simpleQuery('SELECT * FROM (SELECT a.category_id, a.name as category_name, b.product_id, b.name as product_name, b.price, b.weight, b.qty, b.created_at
                FROM m_category a LEFT JOIN m_product b ON a.category_id = b.category_id 
                WHERE 
                    b.is_valid = 1 ) a WHERE1=1  ORDER BY a.category_name asc LIMIT 0, 5 ')
 4 APPPATH\Controllers\ProsesAdmin.php(56): CodeIgniter\Database\BaseConnection->query('SELECT * FROM (SELECT a.category_id, a.name as category_name, b.product_id, b.name as product_name, b.price, b.weight, b.qty, b.created_at
                FROM m_category a LEFT JOIN m_product b ON a.category_id = b.category_id 
                WHERE 
                    b.is_valid = 1 ) a WHERE1=1  ORDER BY a.category_name asc LIMIT 0, 5 ')
 5 SYSTEMPATH\CodeIgniter.php(896): App\Controllers\ProsesAdmin->displayProduct()
 6 SYSTEMPATH\CodeIgniter.php(466): CodeIgniter\CodeIgniter->runController(Object(App\Controllers\ProsesAdmin))
 7 SYSTEMPATH\CodeIgniter.php(349): CodeIgniter\CodeIgniter->handleRequest(null, Object(Config\Cache), false)
 8 FCPATH\index.php(55): CodeIgniter\CodeIgniter->run()
 9 SYSTEMPATH\Commands\Server\rewrite.php(43): require_once('FCPATH\\index.php')
ERROR - 2022-07-29 04:51:43 --> You have an error in your SQL syntax; check the manual that corresponds to your MariaDB server version for the right syntax to use near 'WHERE1=1  ORDER BY a.category_id asc LIMIT 0, 5' at line 4
CRITICAL - 2022-07-29 04:51:43 --> You have an error in your SQL syntax; check the manual that corresponds to your MariaDB server version for the right syntax to use near 'WHERE1=1  ORDER BY a.category_id asc LIMIT 0, 5' at line 4
in SYSTEMPATH\Database\MySQLi\Connection.php on line 292.
 1 SYSTEMPATH\Database\MySQLi\Connection.php(292): mysqli->query('SELECT * FROM (SELECT a.category_id, a.name as category_name, b.product_id, b.name as product_name, b.price, b.weight, b.qty, b.created_at
                FROM m_category a LEFT JOIN m_product b ON a.category_id = b.category_id 
                WHERE 
                    b.is_valid = 1 ) a WHERE1=1  ORDER BY a.category_id asc LIMIT 0, 5 ', 0)
 2 SYSTEMPATH\Database\BaseConnection.php(695): CodeIgniter\Database\MySQLi\Connection->execute('SELECT * FROM (SELECT a.category_id, a.name as category_name, b.product_id, b.name as product_name, b.price, b.weight, b.qty, b.created_at
                FROM m_category a LEFT JOIN m_product b ON a.category_id = b.category_id 
                WHERE 
                    b.is_valid = 1 ) a WHERE1=1  ORDER BY a.category_id asc LIMIT 0, 5 ')
 3 SYSTEMPATH\Database\BaseConnection.php(609): CodeIgniter\Database\BaseConnection->simpleQuery('SELECT * FROM (SELECT a.category_id, a.name as category_name, b.product_id, b.name as product_name, b.price, b.weight, b.qty, b.created_at
                FROM m_category a LEFT JOIN m_product b ON a.category_id = b.category_id 
                WHERE 
                    b.is_valid = 1 ) a WHERE1=1  ORDER BY a.category_id asc LIMIT 0, 5 ')
 4 APPPATH\Controllers\ProsesAdmin.php(56): CodeIgniter\Database\BaseConnection->query('SELECT * FROM (SELECT a.category_id, a.name as category_name, b.product_id, b.name as product_name, b.price, b.weight, b.qty, b.created_at
                FROM m_category a LEFT JOIN m_product b ON a.category_id = b.category_id 
                WHERE 
                    b.is_valid = 1 ) a WHERE1=1  ORDER BY a.category_id asc LIMIT 0, 5 ')
 5 SYSTEMPATH\CodeIgniter.php(896): App\Controllers\ProsesAdmin->displayProduct()
 6 SYSTEMPATH\CodeIgniter.php(466): CodeIgniter\CodeIgniter->runController(Object(App\Controllers\ProsesAdmin))
 7 SYSTEMPATH\CodeIgniter.php(349): CodeIgniter\CodeIgniter->handleRequest(null, Object(Config\Cache), false)
 8 FCPATH\index.php(55): CodeIgniter\CodeIgniter->run()
 9 SYSTEMPATH\Commands\Server\rewrite.php(43): require_once('FCPATH\\index.php')
ERROR - 2022-07-29 04:53:50 --> You have an error in your SQL syntax; check the manual that corresponds to your MariaDB server version for the right syntax to use near 'WHERE1=1  ORDER BY a.category_name asc LIMIT 0, 5' at line 4
CRITICAL - 2022-07-29 04:53:50 --> You have an error in your SQL syntax; check the manual that corresponds to your MariaDB server version for the right syntax to use near 'WHERE1=1  ORDER BY a.category_name asc LIMIT 0, 5' at line 4
in SYSTEMPATH\Database\MySQLi\Connection.php on line 292.
 1 SYSTEMPATH\Database\MySQLi\Connection.php(292): mysqli->query('SELECT * FROM (SELECT a.category_id, a.name as category_name, b.product_id, b.name as product_name, b.price, b.weight, b.qty, b.created_at
                FROM m_category a LEFT JOIN m_product b ON a.category_id = b.category_id 
                WHERE 
                    b.is_valid = 1 ) a WHERE1=1  ORDER BY a.category_name asc LIMIT 0, 5 ', 0)
 2 SYSTEMPATH\Database\BaseConnection.php(695): CodeIgniter\Database\MySQLi\Connection->execute('SELECT * FROM (SELECT a.category_id, a.name as category_name, b.product_id, b.name as product_name, b.price, b.weight, b.qty, b.created_at
                FROM m_category a LEFT JOIN m_product b ON a.category_id = b.category_id 
                WHERE 
                    b.is_valid = 1 ) a WHERE1=1  ORDER BY a.category_name asc LIMIT 0, 5 ')
 3 SYSTEMPATH\Database\BaseConnection.php(609): CodeIgniter\Database\BaseConnection->simpleQuery('SELECT * FROM (SELECT a.category_id, a.name as category_name, b.product_id, b.name as product_name, b.price, b.weight, b.qty, b.created_at
                FROM m_category a LEFT JOIN m_product b ON a.category_id = b.category_id 
                WHERE 
                    b.is_valid = 1 ) a WHERE1=1  ORDER BY a.category_name asc LIMIT 0, 5 ')
 4 APPPATH\Controllers\ProsesAdmin.php(56): CodeIgniter\Database\BaseConnection->query('SELECT * FROM (SELECT a.category_id, a.name as category_name, b.product_id, b.name as product_name, b.price, b.weight, b.qty, b.created_at
                FROM m_category a LEFT JOIN m_product b ON a.category_id = b.category_id 
                WHERE 
                    b.is_valid = 1 ) a WHERE1=1  ORDER BY a.category_name asc LIMIT 0, 5 ')
 5 SYSTEMPATH\CodeIgniter.php(896): App\Controllers\ProsesAdmin->displayProduct()
 6 SYSTEMPATH\CodeIgniter.php(466): CodeIgniter\CodeIgniter->runController(Object(App\Controllers\ProsesAdmin))
 7 SYSTEMPATH\CodeIgniter.php(349): CodeIgniter\CodeIgniter->handleRequest(null, Object(Config\Cache), false)
 8 FCPATH\index.php(55): CodeIgniter\CodeIgniter->run()
 9 SYSTEMPATH\Commands\Server\rewrite.php(43): require_once('FCPATH\\index.php')
ERROR - 2022-07-29 04:53:51 --> You have an error in your SQL syntax; check the manual that corresponds to your MariaDB server version for the right syntax to use near 'WHERE1=1  ORDER BY a.category_id asc LIMIT 0, 5' at line 4
CRITICAL - 2022-07-29 04:53:51 --> You have an error in your SQL syntax; check the manual that corresponds to your MariaDB server version for the right syntax to use near 'WHERE1=1  ORDER BY a.category_id asc LIMIT 0, 5' at line 4
in SYSTEMPATH\Database\MySQLi\Connection.php on line 292.
 1 SYSTEMPATH\Database\MySQLi\Connection.php(292): mysqli->query('SELECT * FROM (SELECT a.category_id, a.name as category_name, b.product_id, b.name as product_name, b.price, b.weight, b.qty, b.created_at
                FROM m_category a LEFT JOIN m_product b ON a.category_id = b.category_id 
                WHERE 
                    b.is_valid = 1 ) a WHERE1=1  ORDER BY a.category_id asc LIMIT 0, 5 ', 0)
 2 SYSTEMPATH\Database\BaseConnection.php(695): CodeIgniter\Database\MySQLi\Connection->execute('SELECT * FROM (SELECT a.category_id, a.name as category_name, b.product_id, b.name as product_name, b.price, b.weight, b.qty, b.created_at
                FROM m_category a LEFT JOIN m_product b ON a.category_id = b.category_id 
                WHERE 
                    b.is_valid = 1 ) a WHERE1=1  ORDER BY a.category_id asc LIMIT 0, 5 ')
 3 SYSTEMPATH\Database\BaseConnection.php(609): CodeIgniter\Database\BaseConnection->simpleQuery('SELECT * FROM (SELECT a.category_id, a.name as category_name, b.product_id, b.name as product_name, b.price, b.weight, b.qty, b.created_at
                FROM m_category a LEFT JOIN m_product b ON a.category_id = b.category_id 
                WHERE 
                    b.is_valid = 1 ) a WHERE1=1  ORDER BY a.category_id asc LIMIT 0, 5 ')
 4 APPPATH\Controllers\ProsesAdmin.php(56): CodeIgniter\Database\BaseConnection->query('SELECT * FROM (SELECT a.category_id, a.name as category_name, b.product_id, b.name as product_name, b.price, b.weight, b.qty, b.created_at
                FROM m_category a LEFT JOIN m_product b ON a.category_id = b.category_id 
                WHERE 
                    b.is_valid = 1 ) a WHERE1=1  ORDER BY a.category_id asc LIMIT 0, 5 ')
 5 SYSTEMPATH\CodeIgniter.php(896): App\Controllers\ProsesAdmin->displayProduct()
 6 SYSTEMPATH\CodeIgniter.php(466): CodeIgniter\CodeIgniter->runController(Object(App\Controllers\ProsesAdmin))
 7 SYSTEMPATH\CodeIgniter.php(349): CodeIgniter\CodeIgniter->handleRequest(null, Object(Config\Cache), false)
 8 FCPATH\index.php(55): CodeIgniter\CodeIgniter->run()
 9 SYSTEMPATH\Commands\Server\rewrite.php(43): require_once('FCPATH\\index.php')
ERROR - 2022-07-29 04:53:53 --> You have an error in your SQL syntax; check the manual that corresponds to your MariaDB server version for the right syntax to use near 'WHERE1=1  ORDER BY a.product_name asc LIMIT 0, 5' at line 4
CRITICAL - 2022-07-29 04:53:53 --> You have an error in your SQL syntax; check the manual that corresponds to your MariaDB server version for the right syntax to use near 'WHERE1=1  ORDER BY a.product_name asc LIMIT 0, 5' at line 4
in SYSTEMPATH\Database\MySQLi\Connection.php on line 292.
 1 SYSTEMPATH\Database\MySQLi\Connection.php(292): mysqli->query('SELECT * FROM (SELECT a.category_id, a.name as category_name, b.product_id, b.name as product_name, b.price, b.weight, b.qty, b.created_at
                FROM m_category a LEFT JOIN m_product b ON a.category_id = b.category_id 
                WHERE 
                    b.is_valid = 1 ) a WHERE1=1  ORDER BY a.product_name asc LIMIT 0, 5 ', 0)
 2 SYSTEMPATH\Database\BaseConnection.php(695): CodeIgniter\Database\MySQLi\Connection->execute('SELECT * FROM (SELECT a.category_id, a.name as category_name, b.product_id, b.name as product_name, b.price, b.weight, b.qty, b.created_at
                FROM m_category a LEFT JOIN m_product b ON a.category_id = b.category_id 
                WHERE 
                    b.is_valid = 1 ) a WHERE1=1  ORDER BY a.product_name asc LIMIT 0, 5 ')
 3 SYSTEMPATH\Database\BaseConnection.php(609): CodeIgniter\Database\BaseConnection->simpleQuery('SELECT * FROM (SELECT a.category_id, a.name as category_name, b.product_id, b.name as product_name, b.price, b.weight, b.qty, b.created_at
                FROM m_category a LEFT JOIN m_product b ON a.category_id = b.category_id 
                WHERE 
                    b.is_valid = 1 ) a WHERE1=1  ORDER BY a.product_name asc LIMIT 0, 5 ')
 4 APPPATH\Controllers\ProsesAdmin.php(56): CodeIgniter\Database\BaseConnection->query('SELECT * FROM (SELECT a.category_id, a.name as category_name, b.product_id, b.name as product_name, b.price, b.weight, b.qty, b.created_at
                FROM m_category a LEFT JOIN m_product b ON a.category_id = b.category_id 
                WHERE 
                    b.is_valid = 1 ) a WHERE1=1  ORDER BY a.product_name asc LIMIT 0, 5 ')
 5 SYSTEMPATH\CodeIgniter.php(896): App\Controllers\ProsesAdmin->displayProduct()
 6 SYSTEMPATH\CodeIgniter.php(466): CodeIgniter\CodeIgniter->runController(Object(App\Controllers\ProsesAdmin))
 7 SYSTEMPATH\CodeIgniter.php(349): CodeIgniter\CodeIgniter->handleRequest(null, Object(Config\Cache), false)
 8 FCPATH\index.php(55): CodeIgniter\CodeIgniter->run()
 9 SYSTEMPATH\Commands\Server\rewrite.php(43): require_once('FCPATH\\index.php')
ERROR - 2022-07-29 04:53:56 --> You have an error in your SQL syntax; check the manual that corresponds to your MariaDB server version for the right syntax to use near 'WHERE1=1  ORDER BY a.category_id asc LIMIT 0, 5' at line 4
CRITICAL - 2022-07-29 04:53:56 --> You have an error in your SQL syntax; check the manual that corresponds to your MariaDB server version for the right syntax to use near 'WHERE1=1  ORDER BY a.category_id asc LIMIT 0, 5' at line 4
in SYSTEMPATH\Database\MySQLi\Connection.php on line 292.
 1 SYSTEMPATH\Database\MySQLi\Connection.php(292): mysqli->query('SELECT * FROM (SELECT a.category_id, a.name as category_name, b.product_id, b.name as product_name, b.price, b.weight, b.qty, b.created_at
                FROM m_category a LEFT JOIN m_product b ON a.category_id = b.category_id 
                WHERE 
                    b.is_valid = 1 ) a WHERE1=1  ORDER BY a.category_id asc LIMIT 0, 5 ', 0)
 2 SYSTEMPATH\Database\BaseConnection.php(695): CodeIgniter\Database\MySQLi\Connection->execute('SELECT * FROM (SELECT a.category_id, a.name as category_name, b.product_id, b.name as product_name, b.price, b.weight, b.qty, b.created_at
                FROM m_category a LEFT JOIN m_product b ON a.category_id = b.category_id 
                WHERE 
                    b.is_valid = 1 ) a WHERE1=1  ORDER BY a.category_id asc LIMIT 0, 5 ')
 3 SYSTEMPATH\Database\BaseConnection.php(609): CodeIgniter\Database\BaseConnection->simpleQuery('SELECT * FROM (SELECT a.category_id, a.name as category_name, b.product_id, b.name as product_name, b.price, b.weight, b.qty, b.created_at
                FROM m_category a LEFT JOIN m_product b ON a.category_id = b.category_id 
                WHERE 
                    b.is_valid = 1 ) a WHERE1=1  ORDER BY a.category_id asc LIMIT 0, 5 ')
 4 APPPATH\Controllers\ProsesAdmin.php(56): CodeIgniter\Database\BaseConnection->query('SELECT * FROM (SELECT a.category_id, a.name as category_name, b.product_id, b.name as product_name, b.price, b.weight, b.qty, b.created_at
                FROM m_category a LEFT JOIN m_product b ON a.category_id = b.category_id 
                WHERE 
                    b.is_valid = 1 ) a WHERE1=1  ORDER BY a.category_id asc LIMIT 0, 5 ')
 5 SYSTEMPATH\CodeIgniter.php(896): App\Controllers\ProsesAdmin->displayProduct()
 6 SYSTEMPATH\CodeIgniter.php(466): CodeIgniter\CodeIgniter->runController(Object(App\Controllers\ProsesAdmin))
 7 SYSTEMPATH\CodeIgniter.php(349): CodeIgniter\CodeIgniter->handleRequest(null, Object(Config\Cache), false)
 8 FCPATH\index.php(55): CodeIgniter\CodeIgniter->run()
 9 SYSTEMPATH\Commands\Server\rewrite.php(43): require_once('FCPATH\\index.php')
ERROR - 2022-07-29 04:57:30 --> You have an error in your SQL syntax; check the manual that corresponds to your MariaDB server version for the right syntax to use near 'WHERE1=1  ORDER BY a.category_id asc LIMIT 0, 5' at line 4
CRITICAL - 2022-07-29 04:57:30 --> You have an error in your SQL syntax; check the manual that corresponds to your MariaDB server version for the right syntax to use near 'WHERE1=1  ORDER BY a.category_id asc LIMIT 0, 5' at line 4
in SYSTEMPATH\Database\MySQLi\Connection.php on line 292.
 1 SYSTEMPATH\Database\MySQLi\Connection.php(292): mysqli->query('SELECT * FROM (SELECT a.category_id, a.name as category_name, b.product_id, b.name as product_name, b.price, b.weight, b.qty, b.created_at
                FROM m_category a LEFT JOIN m_product b ON a.category_id = b.category_id 
                WHERE 
                    b.is_valid = 1 ) a WHERE1=1  ORDER BY a.category_id asc LIMIT 0, 5 ', 0)
 2 SYSTEMPATH\Database\BaseConnection.php(695): CodeIgniter\Database\MySQLi\Connection->execute('SELECT * FROM (SELECT a.category_id, a.name as category_name, b.product_id, b.name as product_name, b.price, b.weight, b.qty, b.created_at
                FROM m_category a LEFT JOIN m_product b ON a.category_id = b.category_id 
                WHERE 
                    b.is_valid = 1 ) a WHERE1=1  ORDER BY a.category_id asc LIMIT 0, 5 ')
 3 SYSTEMPATH\Database\BaseConnection.php(609): CodeIgniter\Database\BaseConnection->simpleQuery('SELECT * FROM (SELECT a.category_id, a.name as category_name, b.product_id, b.name as product_name, b.price, b.weight, b.qty, b.created_at
                FROM m_category a LEFT JOIN m_product b ON a.category_id = b.category_id 
                WHERE 
                    b.is_valid = 1 ) a WHERE1=1  ORDER BY a.category_id asc LIMIT 0, 5 ')
 4 APPPATH\Controllers\ProsesAdmin.php(56): CodeIgniter\Database\BaseConnection->query('SELECT * FROM (SELECT a.category_id, a.name as category_name, b.product_id, b.name as product_name, b.price, b.weight, b.qty, b.created_at
                FROM m_category a LEFT JOIN m_product b ON a.category_id = b.category_id 
                WHERE 
                    b.is_valid = 1 ) a WHERE1=1  ORDER BY a.category_id asc LIMIT 0, 5 ')
 5 SYSTEMPATH\CodeIgniter.php(896): App\Controllers\ProsesAdmin->displayProduct()
 6 SYSTEMPATH\CodeIgniter.php(466): CodeIgniter\CodeIgniter->runController(Object(App\Controllers\ProsesAdmin))
 7 SYSTEMPATH\CodeIgniter.php(349): CodeIgniter\CodeIgniter->handleRequest(null, Object(Config\Cache), false)
 8 FCPATH\index.php(55): CodeIgniter\CodeIgniter->run()
 9 SYSTEMPATH\Commands\Server\rewrite.php(43): require_once('FCPATH\\index.php')
ERROR - 2022-07-29 04:59:04 --> You have an error in your SQL syntax; check the manual that corresponds to your MariaDB server version for the right syntax to use near 'WHERE1=1  ORDER BY a.category_id asc LIMIT 0, 5' at line 4
CRITICAL - 2022-07-29 04:59:04 --> You have an error in your SQL syntax; check the manual that corresponds to your MariaDB server version for the right syntax to use near 'WHERE1=1  ORDER BY a.category_id asc LIMIT 0, 5' at line 4
in SYSTEMPATH\Database\MySQLi\Connection.php on line 292.
 1 SYSTEMPATH\Database\MySQLi\Connection.php(292): mysqli->query('SELECT * FROM (SELECT a.category_id, a.name as category_name, b.product_id, b.name as product_name, b.price, b.weight, b.qty, b.created_at
                FROM m_category a LEFT JOIN m_product b ON a.category_id = b.category_id 
                WHERE 
                    b.is_valid = 1 ) a WHERE1=1  ORDER BY a.category_id asc LIMIT 0, 5', 0)
 2 SYSTEMPATH\Database\BaseConnection.php(695): CodeIgniter\Database\MySQLi\Connection->execute('SELECT * FROM (SELECT a.category_id, a.name as category_name, b.product_id, b.name as product_name, b.price, b.weight, b.qty, b.created_at
                FROM m_category a LEFT JOIN m_product b ON a.category_id = b.category_id 
                WHERE 
                    b.is_valid = 1 ) a WHERE1=1  ORDER BY a.category_id asc LIMIT 0, 5')
 3 SYSTEMPATH\Database\BaseConnection.php(609): CodeIgniter\Database\BaseConnection->simpleQuery('SELECT * FROM (SELECT a.category_id, a.name as category_name, b.product_id, b.name as product_name, b.price, b.weight, b.qty, b.created_at
                FROM m_category a LEFT JOIN m_product b ON a.category_id = b.category_id 
                WHERE 
                    b.is_valid = 1 ) a WHERE1=1  ORDER BY a.category_id asc LIMIT 0, 5')
 4 APPPATH\Controllers\ProsesAdmin.php(56): CodeIgniter\Database\BaseConnection->query('SELECT * FROM (SELECT a.category_id, a.name as category_name, b.product_id, b.name as product_name, b.price, b.weight, b.qty, b.created_at
                FROM m_category a LEFT JOIN m_product b ON a.category_id = b.category_id 
                WHERE 
                    b.is_valid = 1 ) a WHERE1=1  ORDER BY a.category_id asc LIMIT 0, 5')
 5 SYSTEMPATH\CodeIgniter.php(896): App\Controllers\ProsesAdmin->displayProduct()
 6 SYSTEMPATH\CodeIgniter.php(466): CodeIgniter\CodeIgniter->runController(Object(App\Controllers\ProsesAdmin))
 7 SYSTEMPATH\CodeIgniter.php(349): CodeIgniter\CodeIgniter->handleRequest(null, Object(Config\Cache), false)
 8 FCPATH\index.php(55): CodeIgniter\CodeIgniter->run()
 9 SYSTEMPATH\Commands\Server\rewrite.php(43): require_once('FCPATH\\index.php')
ERROR - 2022-07-29 04:59:37 --> You have an error in your SQL syntax; check the manual that corresponds to your MariaDB server version for the right syntax to use near 'WHERE1=1  ORDER BY a.category_id asc LIMIT 0, 5' at line 4
CRITICAL - 2022-07-29 04:59:37 --> You have an error in your SQL syntax; check the manual that corresponds to your MariaDB server version for the right syntax to use near 'WHERE1=1  ORDER BY a.category_id asc LIMIT 0, 5' at line 4
in SYSTEMPATH\Database\MySQLi\Connection.php on line 292.
 1 SYSTEMPATH\Database\MySQLi\Connection.php(292): mysqli->query('SELECT * FROM (SELECT a.category_id, a.name as category_name, b.product_id, b.name as product_name, b.price, b.weight, b.qty, b.created_at
                FROM m_category a LEFT JOIN m_product b ON a.category_id = b.category_id 
                WHERE 
                    b.is_valid = 1 ) a WHERE1=1  ORDER BY a.category_id asc LIMIT 0, 5', 0)
 2 SYSTEMPATH\Database\BaseConnection.php(695): CodeIgniter\Database\MySQLi\Connection->execute('SELECT * FROM (SELECT a.category_id, a.name as category_name, b.product_id, b.name as product_name, b.price, b.weight, b.qty, b.created_at
                FROM m_category a LEFT JOIN m_product b ON a.category_id = b.category_id 
                WHERE 
                    b.is_valid = 1 ) a WHERE1=1  ORDER BY a.category_id asc LIMIT 0, 5')
 3 SYSTEMPATH\Database\BaseConnection.php(609): CodeIgniter\Database\BaseConnection->simpleQuery('SELECT * FROM (SELECT a.category_id, a.name as category_name, b.product_id, b.name as product_name, b.price, b.weight, b.qty, b.created_at
                FROM m_category a LEFT JOIN m_product b ON a.category_id = b.category_id 
                WHERE 
                    b.is_valid = 1 ) a WHERE1=1  ORDER BY a.category_id asc LIMIT 0, 5')
 4 APPPATH\Controllers\ProsesAdmin.php(56): CodeIgniter\Database\BaseConnection->query('SELECT * FROM (SELECT a.category_id, a.name as category_name, b.product_id, b.name as product_name, b.price, b.weight, b.qty, b.created_at
                FROM m_category a LEFT JOIN m_product b ON a.category_id = b.category_id 
                WHERE 
                    b.is_valid = 1 ) a WHERE1=1  ORDER BY a.category_id asc LIMIT 0, 5')
 5 SYSTEMPATH\CodeIgniter.php(896): App\Controllers\ProsesAdmin->displayProduct()
 6 SYSTEMPATH\CodeIgniter.php(466): CodeIgniter\CodeIgniter->runController(Object(App\Controllers\ProsesAdmin))
 7 SYSTEMPATH\CodeIgniter.php(349): CodeIgniter\CodeIgniter->handleRequest(null, Object(Config\Cache), false)
 8 FCPATH\index.php(55): CodeIgniter\CodeIgniter->run()
 9 SYSTEMPATH\Commands\Server\rewrite.php(43): require_once('FCPATH\\index.php')
ERROR - 2022-07-29 04:59:50 --> You have an error in your SQL syntax; check the manual that corresponds to your MariaDB server version for the right syntax to use near 'WHERE1=1  ORDER BY a.category_id asc LIMIT 0, 5' at line 4
CRITICAL - 2022-07-29 04:59:50 --> You have an error in your SQL syntax; check the manual that corresponds to your MariaDB server version for the right syntax to use near 'WHERE1=1  ORDER BY a.category_id asc LIMIT 0, 5' at line 4
in SYSTEMPATH\Database\MySQLi\Connection.php on line 292.
 1 SYSTEMPATH\Database\MySQLi\Connection.php(292): mysqli->query('SELECT * FROM (SELECT a.category_id, a.name as category_name, b.product_id, b.name as product_name, b.price, b.weight, b.qty, b.created_at
                FROM m_category a LEFT JOIN m_product b ON a.category_id = b.category_id 
                WHERE 
                    b.is_valid = 1 ) a WHERE1=1  ORDER BY a.category_id asc LIMIT 0, 5', 0)
 2 SYSTEMPATH\Database\BaseConnection.php(695): CodeIgniter\Database\MySQLi\Connection->execute('SELECT * FROM (SELECT a.category_id, a.name as category_name, b.product_id, b.name as product_name, b.price, b.weight, b.qty, b.created_at
                FROM m_category a LEFT JOIN m_product b ON a.category_id = b.category_id 
                WHERE 
                    b.is_valid = 1 ) a WHERE1=1  ORDER BY a.category_id asc LIMIT 0, 5')
 3 SYSTEMPATH\Database\BaseConnection.php(609): CodeIgniter\Database\BaseConnection->simpleQuery('SELECT * FROM (SELECT a.category_id, a.name as category_name, b.product_id, b.name as product_name, b.price, b.weight, b.qty, b.created_at
                FROM m_category a LEFT JOIN m_product b ON a.category_id = b.category_id 
                WHERE 
                    b.is_valid = 1 ) a WHERE1=1  ORDER BY a.category_id asc LIMIT 0, 5')
 4 APPPATH\Controllers\ProsesAdmin.php(56): CodeIgniter\Database\BaseConnection->query('SELECT * FROM (SELECT a.category_id, a.name as category_name, b.product_id, b.name as product_name, b.price, b.weight, b.qty, b.created_at
                FROM m_category a LEFT JOIN m_product b ON a.category_id = b.category_id 
                WHERE 
                    b.is_valid = 1 ) a WHERE1=1  ORDER BY a.category_id asc LIMIT 0, 5')
 5 SYSTEMPATH\CodeIgniter.php(896): App\Controllers\ProsesAdmin->displayProduct()
 6 SYSTEMPATH\CodeIgniter.php(466): CodeIgniter\CodeIgniter->runController(Object(App\Controllers\ProsesAdmin))
 7 SYSTEMPATH\CodeIgniter.php(349): CodeIgniter\CodeIgniter->handleRequest(null, Object(Config\Cache), false)
 8 FCPATH\index.php(55): CodeIgniter\CodeIgniter->run()
 9 SYSTEMPATH\Commands\Server\rewrite.php(43): require_once('FCPATH\\index.php')
ERROR - 2022-07-29 05:00:42 --> You have an error in your SQL syntax; check the manual that corresponds to your MariaDB server version for the right syntax to use near 'WHERE1=1  ORDER BY a.category_id asc LIMIT 0, 5' at line 4
CRITICAL - 2022-07-29 05:00:42 --> You have an error in your SQL syntax; check the manual that corresponds to your MariaDB server version for the right syntax to use near 'WHERE1=1  ORDER BY a.category_id asc LIMIT 0, 5' at line 4
in SYSTEMPATH\Database\MySQLi\Connection.php on line 292.
 1 SYSTEMPATH\Database\MySQLi\Connection.php(292): mysqli->query('SELECT * FROM (SELECT a.category_id, a.name as category_name, b.product_id, b.name as product_name, b.price, b.weight, b.qty, b.created_at
                FROM m_category a LEFT JOIN m_product b ON a.category_id = b.category_id 
                WHERE 
                    b.is_valid = 1 ) a WHERE1=1  ORDER BY a.category_id asc LIMIT 0, 5', 0)
 2 SYSTEMPATH\Database\BaseConnection.php(695): CodeIgniter\Database\MySQLi\Connection->execute('SELECT * FROM (SELECT a.category_id, a.name as category_name, b.product_id, b.name as product_name, b.price, b.weight, b.qty, b.created_at
                FROM m_category a LEFT JOIN m_product b ON a.category_id = b.category_id 
                WHERE 
                    b.is_valid = 1 ) a WHERE1=1  ORDER BY a.category_id asc LIMIT 0, 5')
 3 SYSTEMPATH\Database\BaseConnection.php(609): CodeIgniter\Database\BaseConnection->simpleQuery('SELECT * FROM (SELECT a.category_id, a.name as category_name, b.product_id, b.name as product_name, b.price, b.weight, b.qty, b.created_at
                FROM m_category a LEFT JOIN m_product b ON a.category_id = b.category_id 
                WHERE 
                    b.is_valid = 1 ) a WHERE1=1  ORDER BY a.category_id asc LIMIT 0, 5')
 4 APPPATH\Controllers\ProsesAdmin.php(56): CodeIgniter\Database\BaseConnection->query('SELECT * FROM (SELECT a.category_id, a.name as category_name, b.product_id, b.name as product_name, b.price, b.weight, b.qty, b.created_at
                FROM m_category a LEFT JOIN m_product b ON a.category_id = b.category_id 
                WHERE 
                    b.is_valid = 1 ) a WHERE1=1  ORDER BY a.category_id asc LIMIT 0, 5')
 5 SYSTEMPATH\CodeIgniter.php(896): App\Controllers\ProsesAdmin->displayProduct()
 6 SYSTEMPATH\CodeIgniter.php(466): CodeIgniter\CodeIgniter->runController(Object(App\Controllers\ProsesAdmin))
 7 SYSTEMPATH\CodeIgniter.php(349): CodeIgniter\CodeIgniter->handleRequest(null, Object(Config\Cache), false)
 8 FCPATH\index.php(55): CodeIgniter\CodeIgniter->run()
 9 SYSTEMPATH\Commands\Server\rewrite.php(43): require_once('FCPATH\\index.php')
ERROR - 2022-07-29 05:00:49 --> You have an error in your SQL syntax; check the manual that corresponds to your MariaDB server version for the right syntax to use near 'WHERE1=1  ORDER BY a.category_id asc LIMIT 0, 5' at line 4
CRITICAL - 2022-07-29 05:00:49 --> You have an error in your SQL syntax; check the manual that corresponds to your MariaDB server version for the right syntax to use near 'WHERE1=1  ORDER BY a.category_id asc LIMIT 0, 5' at line 4
in SYSTEMPATH\Database\MySQLi\Connection.php on line 292.
 1 SYSTEMPATH\Database\MySQLi\Connection.php(292): mysqli->query('SELECT * FROM (SELECT a.category_id, a.name as category_name, b.product_id, b.name as product_name, b.price, b.weight, b.qty, b.created_at
                FROM m_category a LEFT JOIN m_product b ON a.category_id = b.category_id 
                WHERE 
                    b.is_valid = 1 ) a WHERE1=1  ORDER BY a.category_id asc LIMIT 0, 5', 0)
 2 SYSTEMPATH\Database\BaseConnection.php(695): CodeIgniter\Database\MySQLi\Connection->execute('SELECT * FROM (SELECT a.category_id, a.name as category_name, b.product_id, b.name as product_name, b.price, b.weight, b.qty, b.created_at
                FROM m_category a LEFT JOIN m_product b ON a.category_id = b.category_id 
                WHERE 
                    b.is_valid = 1 ) a WHERE1=1  ORDER BY a.category_id asc LIMIT 0, 5')
 3 SYSTEMPATH\Database\BaseConnection.php(609): CodeIgniter\Database\BaseConnection->simpleQuery('SELECT * FROM (SELECT a.category_id, a.name as category_name, b.product_id, b.name as product_name, b.price, b.weight, b.qty, b.created_at
                FROM m_category a LEFT JOIN m_product b ON a.category_id = b.category_id 
                WHERE 
                    b.is_valid = 1 ) a WHERE1=1  ORDER BY a.category_id asc LIMIT 0, 5')
 4 APPPATH\Controllers\ProsesAdmin.php(56): CodeIgniter\Database\BaseConnection->query('SELECT * FROM (SELECT a.category_id, a.name as category_name, b.product_id, b.name as product_name, b.price, b.weight, b.qty, b.created_at
                FROM m_category a LEFT JOIN m_product b ON a.category_id = b.category_id 
                WHERE 
                    b.is_valid = 1 ) a WHERE1=1  ORDER BY a.category_id asc LIMIT 0, 5')
 5 SYSTEMPATH\CodeIgniter.php(896): App\Controllers\ProsesAdmin->displayProduct()
 6 SYSTEMPATH\CodeIgniter.php(466): CodeIgniter\CodeIgniter->runController(Object(App\Controllers\ProsesAdmin))
 7 SYSTEMPATH\CodeIgniter.php(349): CodeIgniter\CodeIgniter->handleRequest(null, Object(Config\Cache), false)
 8 FCPATH\index.php(55): CodeIgniter\CodeIgniter->run()
 9 SYSTEMPATH\Commands\Server\rewrite.php(43): require_once('FCPATH\\index.php')
ERROR - 2022-07-29 05:02:05 --> You have an error in your SQL syntax; check the manual that corresponds to your MariaDB server version for the right syntax to use near 'WHERE1=1  ORDER BY a.category_id asc LIMIT 0, 5' at line 4
CRITICAL - 2022-07-29 05:02:05 --> You have an error in your SQL syntax; check the manual that corresponds to your MariaDB server version for the right syntax to use near 'WHERE1=1  ORDER BY a.category_id asc LIMIT 0, 5' at line 4
in SYSTEMPATH\Database\MySQLi\Connection.php on line 292.
 1 SYSTEMPATH\Database\MySQLi\Connection.php(292): mysqli->query('SELECT * FROM (SELECT a.category_id, a.name as category_name, b.product_id, b.name as product_name, b.price, b.weight, b.qty, b.created_at
                FROM m_category a LEFT JOIN m_product b ON a.category_id = b.category_id 
                WHERE 
                    b.is_valid = 1 ) a WHERE1=1  ORDER BY a.category_id asc LIMIT 0, 5', 0)
 2 SYSTEMPATH\Database\BaseConnection.php(695): CodeIgniter\Database\MySQLi\Connection->execute('SELECT * FROM (SELECT a.category_id, a.name as category_name, b.product_id, b.name as product_name, b.price, b.weight, b.qty, b.created_at
                FROM m_category a LEFT JOIN m_product b ON a.category_id = b.category_id 
                WHERE 
                    b.is_valid = 1 ) a WHERE1=1  ORDER BY a.category_id asc LIMIT 0, 5')
 3 SYSTEMPATH\Database\BaseConnection.php(609): CodeIgniter\Database\BaseConnection->simpleQuery('SELECT * FROM (SELECT a.category_id, a.name as category_name, b.product_id, b.name as product_name, b.price, b.weight, b.qty, b.created_at
                FROM m_category a LEFT JOIN m_product b ON a.category_id = b.category_id 
                WHERE 
                    b.is_valid = 1 ) a WHERE1=1  ORDER BY a.category_id asc LIMIT 0, 5')
 4 APPPATH\Controllers\ProsesAdmin.php(56): CodeIgniter\Database\BaseConnection->query('SELECT * FROM (SELECT a.category_id, a.name as category_name, b.product_id, b.name as product_name, b.price, b.weight, b.qty, b.created_at
                FROM m_category a LEFT JOIN m_product b ON a.category_id = b.category_id 
                WHERE 
                    b.is_valid = 1 ) a WHERE1=1  ORDER BY a.category_id asc LIMIT 0, 5')
 5 SYSTEMPATH\CodeIgniter.php(896): App\Controllers\ProsesAdmin->displayProduct()
 6 SYSTEMPATH\CodeIgniter.php(466): CodeIgniter\CodeIgniter->runController(Object(App\Controllers\ProsesAdmin))
 7 SYSTEMPATH\CodeIgniter.php(349): CodeIgniter\CodeIgniter->handleRequest(null, Object(Config\Cache), false)
 8 FCPATH\index.php(55): CodeIgniter\CodeIgniter->run()
 9 SYSTEMPATH\Commands\Server\rewrite.php(43): require_once('FCPATH\\index.php')
ERROR - 2022-07-29 05:02:50 --> You have an error in your SQL syntax; check the manual that corresponds to your MariaDB server version for the right syntax to use near 'WHERE1=1  ORDER BY a.category_id asc LIMIT 0, 5' at line 4
CRITICAL - 2022-07-29 05:02:50 --> You have an error in your SQL syntax; check the manual that corresponds to your MariaDB server version for the right syntax to use near 'WHERE1=1  ORDER BY a.category_id asc LIMIT 0, 5' at line 4
in SYSTEMPATH\Database\MySQLi\Connection.php on line 292.
 1 SYSTEMPATH\Database\MySQLi\Connection.php(292): mysqli->query('SELECT * FROM (SELECT a.category_id, a.name as category_name, b.product_id, b.name as product_name, b.price, b.weight, b.qty, b.created_at
                FROM m_category a LEFT JOIN m_product b ON a.category_id = b.category_id 
                WHERE 
                    b.is_valid = 1 ) a WHERE1=1  ORDER BY a.category_id asc LIMIT 0, 5', 0)
 2 SYSTEMPATH\Database\BaseConnection.php(695): CodeIgniter\Database\MySQLi\Connection->execute('SELECT * FROM (SELECT a.category_id, a.name as category_name, b.product_id, b.name as product_name, b.price, b.weight, b.qty, b.created_at
                FROM m_category a LEFT JOIN m_product b ON a.category_id = b.category_id 
                WHERE 
                    b.is_valid = 1 ) a WHERE1=1  ORDER BY a.category_id asc LIMIT 0, 5')
 3 SYSTEMPATH\Database\BaseConnection.php(609): CodeIgniter\Database\BaseConnection->simpleQuery('SELECT * FROM (SELECT a.category_id, a.name as category_name, b.product_id, b.name as product_name, b.price, b.weight, b.qty, b.created_at
                FROM m_category a LEFT JOIN m_product b ON a.category_id = b.category_id 
                WHERE 
                    b.is_valid = 1 ) a WHERE1=1  ORDER BY a.category_id asc LIMIT 0, 5')
 4 APPPATH\Controllers\ProsesAdmin.php(56): CodeIgniter\Database\BaseConnection->query('SELECT * FROM (SELECT a.category_id, a.name as category_name, b.product_id, b.name as product_name, b.price, b.weight, b.qty, b.created_at
                FROM m_category a LEFT JOIN m_product b ON a.category_id = b.category_id 
                WHERE 
                    b.is_valid = 1 ) a WHERE1=1  ORDER BY a.category_id asc LIMIT 0, 5')
 5 SYSTEMPATH\CodeIgniter.php(896): App\Controllers\ProsesAdmin->displayProduct()
 6 SYSTEMPATH\CodeIgniter.php(466): CodeIgniter\CodeIgniter->runController(Object(App\Controllers\ProsesAdmin))
 7 SYSTEMPATH\CodeIgniter.php(349): CodeIgniter\CodeIgniter->handleRequest(null, Object(Config\Cache), false)
 8 FCPATH\index.php(55): CodeIgniter\CodeIgniter->run()
 9 SYSTEMPATH\Commands\Server\rewrite.php(43): require_once('FCPATH\\index.php')
ERROR - 2022-07-29 05:05:32 --> You have an error in your SQL syntax; check the manual that corresponds to your MariaDB server version for the right syntax to use near 'WHERE1=1  ORDER BY a.category_id asc LIMIT 0, 5' at line 6
CRITICAL - 2022-07-29 05:05:32 --> You have an error in your SQL syntax; check the manual that corresponds to your MariaDB server version for the right syntax to use near 'WHERE1=1  ORDER BY a.category_id asc LIMIT 0, 5' at line 6
in SYSTEMPATH\Database\MySQLi\Connection.php on line 292.
 1 SYSTEMPATH\Database\MySQLi\Connection.php(292): mysqli->query('SELECT * FROM (SELECT a.category_id, a.name as category_name, b.product_id, b.name as product_name, b.price, b.weight, b.qty, b.created_at
                FROM 
                    m_category a 
                    LEFT JOIN m_product b ON a.category_id = b.category_id 
                WHERE 
                    1=1) a WHERE1=1  ORDER BY a.category_id asc LIMIT 0, 5', 0)
 2 SYSTEMPATH\Database\BaseConnection.php(695): CodeIgniter\Database\MySQLi\Connection->execute('SELECT * FROM (SELECT a.category_id, a.name as category_name, b.product_id, b.name as product_name, b.price, b.weight, b.qty, b.created_at
                FROM 
                    m_category a 
                    LEFT JOIN m_product b ON a.category_id = b.category_id 
                WHERE 
                    1=1) a WHERE1=1  ORDER BY a.category_id asc LIMIT 0, 5')
 3 SYSTEMPATH\Database\BaseConnection.php(609): CodeIgniter\Database\BaseConnection->simpleQuery('SELECT * FROM (SELECT a.category_id, a.name as category_name, b.product_id, b.name as product_name, b.price, b.weight, b.qty, b.created_at
                FROM 
                    m_category a 
                    LEFT JOIN m_product b ON a.category_id = b.category_id 
                WHERE 
                    1=1) a WHERE1=1  ORDER BY a.category_id asc LIMIT 0, 5')
 4 APPPATH\Controllers\ProsesAdmin.php(58): CodeIgniter\Database\BaseConnection->query('SELECT * FROM (SELECT a.category_id, a.name as category_name, b.product_id, b.name as product_name, b.price, b.weight, b.qty, b.created_at
                FROM 
                    m_category a 
                    LEFT JOIN m_product b ON a.category_id = b.category_id 
                WHERE 
                    1=1) a WHERE1=1  ORDER BY a.category_id asc LIMIT 0, 5')
 5 SYSTEMPATH\CodeIgniter.php(896): App\Controllers\ProsesAdmin->displayProduct()
 6 SYSTEMPATH\CodeIgniter.php(466): CodeIgniter\CodeIgniter->runController(Object(App\Controllers\ProsesAdmin))
 7 SYSTEMPATH\CodeIgniter.php(349): CodeIgniter\CodeIgniter->handleRequest(null, Object(Config\Cache), false)
 8 FCPATH\index.php(55): CodeIgniter\CodeIgniter->run()
 9 SYSTEMPATH\Commands\Server\rewrite.php(43): require_once('FCPATH\\index.php')
CRITICAL - 2022-07-29 05:13:30 --> Undefined array key 0
in APPPATH\Controllers\ProsesAdmin.php on line 30.
 1 APPPATH\Controllers\ProsesAdmin.php(30): CodeIgniter\Debug\Exceptions->errorHandler(2, 'Undefined array key 0', 'APPPATH\\Controllers\\ProsesAdmin.php', 30)
 2 SYSTEMPATH\CodeIgniter.php(896): App\Controllers\ProsesAdmin->displayProduct()
 3 SYSTEMPATH\CodeIgniter.php(466): CodeIgniter\CodeIgniter->runController(Object(App\Controllers\ProsesAdmin))
 4 SYSTEMPATH\CodeIgniter.php(349): CodeIgniter\CodeIgniter->handleRequest(null, Object(Config\Cache), false)
 5 FCPATH\index.php(55): CodeIgniter\CodeIgniter->run()
 6 SYSTEMPATH\Commands\Server\rewrite.php(43): require_once('FCPATH\\index.php')
CRITICAL - 2022-07-29 05:13:59 --> Undefined array key 0
in APPPATH\Controllers\ProsesAdmin.php on line 30.
 1 APPPATH\Controllers\ProsesAdmin.php(30): CodeIgniter\Debug\Exceptions->errorHandler(2, 'Undefined array key 0', 'APPPATH\\Controllers\\ProsesAdmin.php', 30)
 2 SYSTEMPATH\CodeIgniter.php(896): App\Controllers\ProsesAdmin->displayProduct()
 3 SYSTEMPATH\CodeIgniter.php(466): CodeIgniter\CodeIgniter->runController(Object(App\Controllers\ProsesAdmin))
 4 SYSTEMPATH\CodeIgniter.php(349): CodeIgniter\CodeIgniter->handleRequest(null, Object(Config\Cache), false)
 5 FCPATH\index.php(55): CodeIgniter\CodeIgniter->run()
 6 SYSTEMPATH\Commands\Server\rewrite.php(43): require_once('FCPATH\\index.php')
ERROR - 2022-07-29 05:36:55 --> Unknown column 'b.qty' in 'field list'
CRITICAL - 2022-07-29 05:36:55 --> Unknown column 'b.qty' in 'field list'
in SYSTEMPATH\Database\MySQLi\Connection.php on line 292.
 1 SYSTEMPATH\Database\MySQLi\Connection.php(292): mysqli->query('SELECT * FROM (SELECT a.category_id, a.name as category_name, b.product_id, b.name as product_name, b.price, b.weight, b.qty, b.created_at
                FROM 
                    m_category a 
                    LEFT JOIN m_product b ON a.category_id = b.category_id ) a WHERE 1=1  ORDER BY a.category_id asc LIMIT 0, 5', 0)
 2 SYSTEMPATH\Database\BaseConnection.php(695): CodeIgniter\Database\MySQLi\Connection->execute('SELECT * FROM (SELECT a.category_id, a.name as category_name, b.product_id, b.name as product_name, b.price, b.weight, b.qty, b.created_at
                FROM 
                    m_category a 
                    LEFT JOIN m_product b ON a.category_id = b.category_id ) a WHERE 1=1  ORDER BY a.category_id asc LIMIT 0, 5')
 3 SYSTEMPATH\Database\BaseConnection.php(609): CodeIgniter\Database\BaseConnection->simpleQuery('SELECT * FROM (SELECT a.category_id, a.name as category_name, b.product_id, b.name as product_name, b.price, b.weight, b.qty, b.created_at
                FROM 
                    m_category a 
                    LEFT JOIN m_product b ON a.category_id = b.category_id ) a WHERE 1=1  ORDER BY a.category_id asc LIMIT 0, 5')
 4 APPPATH\Controllers\ProsesAdmin.php(56): CodeIgniter\Database\BaseConnection->query('SELECT * FROM (SELECT a.category_id, a.name as category_name, b.product_id, b.name as product_name, b.price, b.weight, b.qty, b.created_at
                FROM 
                    m_category a 
                    LEFT JOIN m_product b ON a.category_id = b.category_id ) a WHERE 1=1  ORDER BY a.category_id asc LIMIT 0, 5')
 5 SYSTEMPATH\CodeIgniter.php(896): App\Controllers\ProsesAdmin->displayProduct()
 6 SYSTEMPATH\CodeIgniter.php(466): CodeIgniter\CodeIgniter->runController(Object(App\Controllers\ProsesAdmin))
 7 SYSTEMPATH\CodeIgniter.php(349): CodeIgniter\CodeIgniter->handleRequest(null, Object(Config\Cache), false)
 8 FCPATH\index.php(55): CodeIgniter\CodeIgniter->run()
 9 SYSTEMPATH\Commands\Server\rewrite.php(43): require_once('FCPATH\\index.php')
ERROR - 2022-07-29 05:37:14 --> Unknown column 'b.qty' in 'field list'
CRITICAL - 2022-07-29 05:37:14 --> Unknown column 'b.qty' in 'field list'
in SYSTEMPATH\Database\MySQLi\Connection.php on line 292.
 1 SYSTEMPATH\Database\MySQLi\Connection.php(292): mysqli->query('SELECT * FROM (SELECT a.category_id, a.name as category_name, b.product_id, b.name as product_name, b.price, b.weight, b.qty, b.created_at
                FROM 
                    m_category a 
                    LEFT JOIN m_product b ON a.category_id = b.category_id ) a WHERE 1=1  ORDER BY a.category_id asc LIMIT 0, 5', 0)
 2 SYSTEMPATH\Database\BaseConnection.php(695): CodeIgniter\Database\MySQLi\Connection->execute('SELECT * FROM (SELECT a.category_id, a.name as category_name, b.product_id, b.name as product_name, b.price, b.weight, b.qty, b.created_at
                FROM 
                    m_category a 
                    LEFT JOIN m_product b ON a.category_id = b.category_id ) a WHERE 1=1  ORDER BY a.category_id asc LIMIT 0, 5')
 3 SYSTEMPATH\Database\BaseConnection.php(609): CodeIgniter\Database\BaseConnection->simpleQuery('SELECT * FROM (SELECT a.category_id, a.name as category_name, b.product_id, b.name as product_name, b.price, b.weight, b.qty, b.created_at
                FROM 
                    m_category a 
                    LEFT JOIN m_product b ON a.category_id = b.category_id ) a WHERE 1=1  ORDER BY a.category_id asc LIMIT 0, 5')
 4 APPPATH\Controllers\ProsesAdmin.php(56): CodeIgniter\Database\BaseConnection->query('SELECT * FROM (SELECT a.category_id, a.name as category_name, b.product_id, b.name as product_name, b.price, b.weight, b.qty, b.created_at
                FROM 
                    m_category a 
                    LEFT JOIN m_product b ON a.category_id = b.category_id ) a WHERE 1=1  ORDER BY a.category_id asc LIMIT 0, 5')
 5 SYSTEMPATH\CodeIgniter.php(896): App\Controllers\ProsesAdmin->displayProduct()
 6 SYSTEMPATH\CodeIgniter.php(466): CodeIgniter\CodeIgniter->runController(Object(App\Controllers\ProsesAdmin))
 7 SYSTEMPATH\CodeIgniter.php(349): CodeIgniter\CodeIgniter->handleRequest(null, Object(Config\Cache), false)
 8 FCPATH\index.php(55): CodeIgniter\CodeIgniter->run()
 9 SYSTEMPATH\Commands\Server\rewrite.php(43): require_once('FCPATH\\index.php')
ERROR - 2022-07-29 05:38:49 --> Unknown column 'b.qty' in 'field list'
CRITICAL - 2022-07-29 05:38:49 --> Unknown column 'b.qty' in 'field list'
in SYSTEMPATH\Database\MySQLi\Connection.php on line 292.
 1 SYSTEMPATH\Database\MySQLi\Connection.php(292): mysqli->query('SELECT * FROM (SELECT a.category_id, a.name as category_name, b.product_id, b.name as product_name, b.price, b.weight, b.qty, b.created_at
                FROM 
                    m_category a 
                    LEFT JOIN m_product b ON a.category_id = b.category_id ) a WHERE 1=1  ORDER BY a.category_id asc LIMIT 0, 5', 0)
 2 SYSTEMPATH\Database\BaseConnection.php(695): CodeIgniter\Database\MySQLi\Connection->execute('SELECT * FROM (SELECT a.category_id, a.name as category_name, b.product_id, b.name as product_name, b.price, b.weight, b.qty, b.created_at
                FROM 
                    m_category a 
                    LEFT JOIN m_product b ON a.category_id = b.category_id ) a WHERE 1=1  ORDER BY a.category_id asc LIMIT 0, 5')
 3 SYSTEMPATH\Database\BaseConnection.php(609): CodeIgniter\Database\BaseConnection->simpleQuery('SELECT * FROM (SELECT a.category_id, a.name as category_name, b.product_id, b.name as product_name, b.price, b.weight, b.qty, b.created_at
                FROM 
                    m_category a 
                    LEFT JOIN m_product b ON a.category_id = b.category_id ) a WHERE 1=1  ORDER BY a.category_id asc LIMIT 0, 5')
 4 APPPATH\Controllers\ProsesAdmin.php(56): CodeIgniter\Database\BaseConnection->query('SELECT * FROM (SELECT a.category_id, a.name as category_name, b.product_id, b.name as product_name, b.price, b.weight, b.qty, b.created_at
                FROM 
                    m_category a 
                    LEFT JOIN m_product b ON a.category_id = b.category_id ) a WHERE 1=1  ORDER BY a.category_id asc LIMIT 0, 5')
 5 SYSTEMPATH\CodeIgniter.php(896): App\Controllers\ProsesAdmin->displayProduct()
 6 SYSTEMPATH\CodeIgniter.php(466): CodeIgniter\CodeIgniter->runController(Object(App\Controllers\ProsesAdmin))
 7 SYSTEMPATH\CodeIgniter.php(349): CodeIgniter\CodeIgniter->handleRequest(null, Object(Config\Cache), false)
 8 FCPATH\index.php(55): CodeIgniter\CodeIgniter->run()
 9 SYSTEMPATH\Commands\Server\rewrite.php(43): require_once('FCPATH\\index.php')
CRITICAL - 2022-07-29 06:12:07 --> Undefined array key 0
in APPPATH\Controllers\ProsesAdmin.php on line 30.
 1 APPPATH\Controllers\ProsesAdmin.php(30): CodeIgniter\Debug\Exceptions->errorHandler(2, 'Undefined array key 0', 'APPPATH\\Controllers\\ProsesAdmin.php', 30)
 2 SYSTEMPATH\CodeIgniter.php(896): App\Controllers\ProsesAdmin->displayProduct()
 3 SYSTEMPATH\CodeIgniter.php(466): CodeIgniter\CodeIgniter->runController(Object(App\Controllers\ProsesAdmin))
 4 SYSTEMPATH\CodeIgniter.php(349): CodeIgniter\CodeIgniter->handleRequest(null, Object(Config\Cache), false)
 5 FCPATH\index.php(55): CodeIgniter\CodeIgniter->run()
 6 SYSTEMPATH\Commands\Server\rewrite.php(43): require_once('FCPATH\\index.php')
CRITICAL - 2022-07-29 14:12:33 --> strtolower(): Argument #1 ($string) must be of type string, array given
in APPPATH\Controllers\ProsesAdmin.php on line 145.
 1 APPPATH\Controllers\ProsesAdmin.php(145): strtolower([...])
 2 SYSTEMPATH\CodeIgniter.php(896): App\Controllers\ProsesAdmin->AddMasterCategory()
 3 SYSTEMPATH\CodeIgniter.php(466): CodeIgniter\CodeIgniter->runController(Object(App\Controllers\ProsesAdmin))
 4 SYSTEMPATH\CodeIgniter.php(349): CodeIgniter\CodeIgniter->handleRequest(null, Object(Config\Cache), false)
 5 FCPATH\index.php(55): CodeIgniter\CodeIgniter->run()
 6 SYSTEMPATH\Commands\Server\rewrite.php(43): require_once('FCPATH\\index.php')
ERROR - 2022-07-29 14:14:09 --> Table 'appmuslimbasic.login_admin' doesn't exist
CRITICAL - 2022-07-29 14:14:09 --> Table 'appmuslimbasic.login_admin' doesn't exist
in SYSTEMPATH\Database\MySQLi\Connection.php on line 292.
 1 SYSTEMPATH\Database\MySQLi\Connection.php(292): mysqli->query('UPDATE `login_admin` SET `status_login` = \'0\'
WHERE `id` = \'1\'', 0)
 2 SYSTEMPATH\Database\BaseConnection.php(695): CodeIgniter\Database\MySQLi\Connection->execute('UPDATE `login_admin` SET `status_login` = \'0\'
WHERE `id` = \'1\'')
 3 SYSTEMPATH\Database\BaseConnection.php(609): CodeIgniter\Database\BaseConnection->simpleQuery('UPDATE `login_admin` SET `status_login` = \'0\'
WHERE `id` = \'1\'')
 4 SYSTEMPATH\Database\BaseBuilder.php(2046): CodeIgniter\Database\BaseConnection->query('UPDATE `login_admin` SET `status_login` = :status_login:
WHERE `id` = :id:', [...], false)
 5 APPPATH\Controllers\LoginAdmin.php(73): CodeIgniter\Database\BaseBuilder->update([...], [...])
 6 SYSTEMPATH\CodeIgniter.php(896): App\Controllers\LoginAdmin->logout()
 7 SYSTEMPATH\CodeIgniter.php(466): CodeIgniter\CodeIgniter->runController(Object(App\Controllers\LoginAdmin))
 8 SYSTEMPATH\CodeIgniter.php(349): CodeIgniter\CodeIgniter->handleRequest(null, Object(Config\Cache), false)
 9 FCPATH\index.php(55): CodeIgniter\CodeIgniter->run()
10 SYSTEMPATH\Commands\Server\rewrite.php(43): require_once('FCPATH\\index.php')
ERROR - 2022-07-29 14:14:35 --> Table 'appmuslimbasic.login_admin' doesn't exist
CRITICAL - 2022-07-29 14:14:35 --> Table 'appmuslimbasic.login_admin' doesn't exist
in SYSTEMPATH\Database\MySQLi\Connection.php on line 292.
 1 SYSTEMPATH\Database\MySQLi\Connection.php(292): mysqli->query('UPDATE `login_admin` SET `status_login` = \'0\'
WHERE `id` = \'1\'', 0)
 2 SYSTEMPATH\Database\BaseConnection.php(695): CodeIgniter\Database\MySQLi\Connection->execute('UPDATE `login_admin` SET `status_login` = \'0\'
WHERE `id` = \'1\'')
 3 SYSTEMPATH\Database\BaseConnection.php(609): CodeIgniter\Database\BaseConnection->simpleQuery('UPDATE `login_admin` SET `status_login` = \'0\'
WHERE `id` = \'1\'')
 4 SYSTEMPATH\Database\BaseBuilder.php(2046): CodeIgniter\Database\BaseConnection->query('UPDATE `login_admin` SET `status_login` = :status_login:
WHERE `id` = :id:', [...], false)
 5 APPPATH\Controllers\LoginAdmin.php(73): CodeIgniter\Database\BaseBuilder->update([...], [...])
 6 SYSTEMPATH\CodeIgniter.php(896): App\Controllers\LoginAdmin->logout()
 7 SYSTEMPATH\CodeIgniter.php(466): CodeIgniter\CodeIgniter->runController(Object(App\Controllers\LoginAdmin))
 8 SYSTEMPATH\CodeIgniter.php(349): CodeIgniter\CodeIgniter->handleRequest(null, Object(Config\Cache), false)
 9 FCPATH\index.php(55): CodeIgniter\CodeIgniter->run()
10 SYSTEMPATH\Commands\Server\rewrite.php(43): require_once('FCPATH\\index.php')
ERROR - 2022-07-29 14:17:28 --> Table 'appmuslimbasic.login_admin' doesn't exist
CRITICAL - 2022-07-29 14:17:28 --> Table 'appmuslimbasic.login_admin' doesn't exist
in SYSTEMPATH\Database\MySQLi\Connection.php on line 292.
 1 SYSTEMPATH\Database\MySQLi\Connection.php(292): mysqli->query('UPDATE `login_admin` SET `status_login` = \'0\'
WHERE `id` = \'1\'', 0)
 2 SYSTEMPATH\Database\BaseConnection.php(695): CodeIgniter\Database\MySQLi\Connection->execute('UPDATE `login_admin` SET `status_login` = \'0\'
WHERE `id` = \'1\'')
 3 SYSTEMPATH\Database\BaseConnection.php(609): CodeIgniter\Database\BaseConnection->simpleQuery('UPDATE `login_admin` SET `status_login` = \'0\'
WHERE `id` = \'1\'')
 4 SYSTEMPATH\Database\BaseBuilder.php(2046): CodeIgniter\Database\BaseConnection->query('UPDATE `login_admin` SET `status_login` = :status_login:
WHERE `id` = :id:', [...], false)
 5 APPPATH\Controllers\LoginAdmin.php(73): CodeIgniter\Database\BaseBuilder->update([...], [...])
 6 SYSTEMPATH\CodeIgniter.php(896): App\Controllers\LoginAdmin->logout()
 7 SYSTEMPATH\CodeIgniter.php(466): CodeIgniter\CodeIgniter->runController(Object(App\Controllers\LoginAdmin))
 8 SYSTEMPATH\CodeIgniter.php(349): CodeIgniter\CodeIgniter->handleRequest(null, Object(Config\Cache), false)
 9 FCPATH\index.php(55): CodeIgniter\CodeIgniter->run()
10 SYSTEMPATH\Commands\Server\rewrite.php(43): require_once('FCPATH\\index.php')
CRITICAL - 2022-07-29 14:49:12 --> Trying to access array offset on value of type null
in APPPATH\Controllers\Login.php on line 37.
 1 APPPATH\Controllers\Login.php(37): CodeIgniter\Debug\Exceptions->errorHandler(2, 'Trying to access array offset on value of type null', 'APPPATH\\Controllers\\Login.php', 37)
 2 SYSTEMPATH\CodeIgniter.php(896): App\Controllers\Login->actionLogin()
 3 SYSTEMPATH\CodeIgniter.php(466): CodeIgniter\CodeIgniter->runController(Object(App\Controllers\Login))
 4 SYSTEMPATH\CodeIgniter.php(349): CodeIgniter\CodeIgniter->handleRequest(null, Object(Config\Cache), false)
 5 FCPATH\index.php(55): CodeIgniter\CodeIgniter->run()
 6 SYSTEMPATH\Commands\Server\rewrite.php(43): require_once('FCPATH\\index.php')
CRITICAL - 2022-07-29 14:49:18 --> Trying to access array offset on value of type null
in APPPATH\Controllers\Login.php on line 37.
 1 APPPATH\Controllers\Login.php(37): CodeIgniter\Debug\Exceptions->errorHandler(2, 'Trying to access array offset on value of type null', 'APPPATH\\Controllers\\Login.php', 37)
 2 SYSTEMPATH\CodeIgniter.php(896): App\Controllers\Login->actionLogin()
 3 SYSTEMPATH\CodeIgniter.php(466): CodeIgniter\CodeIgniter->runController(Object(App\Controllers\Login))
 4 SYSTEMPATH\CodeIgniter.php(349): CodeIgniter\CodeIgniter->handleRequest(null, Object(Config\Cache), false)
 5 FCPATH\index.php(55): CodeIgniter\CodeIgniter->run()
 6 SYSTEMPATH\Commands\Server\rewrite.php(43): require_once('FCPATH\\index.php')
ERROR - 2022-07-29 15:02:12 --> Table 'appmuslimbasic.login_admin' doesn't exist
CRITICAL - 2022-07-29 15:02:12 --> Table 'appmuslimbasic.login_admin' doesn't exist
in SYSTEMPATH\Database\MySQLi\Connection.php on line 292.
 1 SYSTEMPATH\Database\MySQLi\Connection.php(292): mysqli->query('UPDATE `login_admin` SET `status_login` = \'0\'
WHERE `id` = \'1\'', 0)
 2 SYSTEMPATH\Database\BaseConnection.php(695): CodeIgniter\Database\MySQLi\Connection->execute('UPDATE `login_admin` SET `status_login` = \'0\'
WHERE `id` = \'1\'')
 3 SYSTEMPATH\Database\BaseConnection.php(609): CodeIgniter\Database\BaseConnection->simpleQuery('UPDATE `login_admin` SET `status_login` = \'0\'
WHERE `id` = \'1\'')
 4 SYSTEMPATH\Database\BaseBuilder.php(2046): CodeIgniter\Database\BaseConnection->query('UPDATE `login_admin` SET `status_login` = :status_login:
WHERE `id` = :id:', [...], false)
 5 APPPATH\Controllers\LoginAdmin.php(73): CodeIgniter\Database\BaseBuilder->update([...], [...])
 6 SYSTEMPATH\CodeIgniter.php(896): App\Controllers\LoginAdmin->logout()
 7 SYSTEMPATH\CodeIgniter.php(466): CodeIgniter\CodeIgniter->runController(Object(App\Controllers\LoginAdmin))
 8 SYSTEMPATH\CodeIgniter.php(349): CodeIgniter\CodeIgniter->handleRequest(null, Object(Config\Cache), false)
 9 FCPATH\index.php(55): CodeIgniter\CodeIgniter->run()
10 SYSTEMPATH\Commands\Server\rewrite.php(43): require_once('FCPATH\\index.php')
