CRITICAL - 2022-08-07 19:48:26 --> Undefined variable $data
in APPPATH\Controllers\Proses.php on line 137.
 1 APPPATH\Controllers\Proses.php(137): CodeIgniter\Debug\Exceptions->errorHandler(2, 'Undefined variable $data', 'APPPATH\\Controllers\\Proses.php', 137)
 2 SYSTEMPATH\CodeIgniter.php(896): App\Controllers\Proses->getBestSeller()
 3 SYSTEMPATH\CodeIgniter.php(466): CodeIgniter\CodeIgniter->runController(Object(App\Controllers\Proses))
 4 SYSTEMPATH\CodeIgniter.php(349): CodeIgniter\CodeIgniter->handleRequest(null, Object(Config\Cache), false)
 5 FCPATH\index.php(55): CodeIgniter\CodeIgniter->run()
 6 SYSTEMPATH\Commands\Server\rewrite.php(43): require_once('FCPATH\\index.php')
CRITICAL - 2022-08-07 19:48:37 --> Undefined variable $data
in APPPATH\Controllers\Proses.php on line 137.
 1 APPPATH\Controllers\Proses.php(137): CodeIgniter\Debug\Exceptions->errorHandler(2, 'Undefined variable $data', 'APPPATH\\Controllers\\Proses.php', 137)
 2 SYSTEMPATH\CodeIgniter.php(896): App\Controllers\Proses->getBestSeller()
 3 SYSTEMPATH\CodeIgniter.php(466): CodeIgniter\CodeIgniter->runController(Object(App\Controllers\Proses))
 4 SYSTEMPATH\CodeIgniter.php(349): CodeIgniter\CodeIgniter->handleRequest(null, Object(Config\Cache), false)
 5 FCPATH\index.php(55): CodeIgniter\CodeIgniter->run()
 6 SYSTEMPATH\Commands\Server\rewrite.php(43): require_once('FCPATH\\index.php')
ERROR - 2022-08-07 19:57:05 --> Unknown column 'b.price' in 'field list'
CRITICAL - 2022-08-07 19:57:05 --> Unknown column 'b.price' in 'field list'
in SYSTEMPATH\Database\MySQLi\Connection.php on line 292.
 1 SYSTEMPATH\Database\MySQLi\Connection.php(292): mysqli->query('SELECT (@cnt := @cnt + 1) orderID , a.* FROM (SELECT a.category_id, a.name as category_name, b.product_id, b.name as product_name, b.price, b.weight, b.stock, b.created_at, b.is_valid
                FROM 
                    m_category a 
                    LEFT JOIN m_product b ON a.category_id = b.category_id) a CROSS JOIN (SELECT @cnt := 0) b2 WHERE 1=1  ORDER BY a.category_id asc LIMIT 0, 10', 0)
 2 SYSTEMPATH\Database\BaseConnection.php(695): CodeIgniter\Database\MySQLi\Connection->execute('SELECT (@cnt := @cnt + 1) orderID , a.* FROM (SELECT a.category_id, a.name as category_name, b.product_id, b.name as product_name, b.price, b.weight, b.stock, b.created_at, b.is_valid
                FROM 
                    m_category a 
                    LEFT JOIN m_product b ON a.category_id = b.category_id) a CROSS JOIN (SELECT @cnt := 0) b2 WHERE 1=1  ORDER BY a.category_id asc LIMIT 0, 10')
 3 SYSTEMPATH\Database\BaseConnection.php(609): CodeIgniter\Database\BaseConnection->simpleQuery('SELECT (@cnt := @cnt + 1) orderID , a.* FROM (SELECT a.category_id, a.name as category_name, b.product_id, b.name as product_name, b.price, b.weight, b.stock, b.created_at, b.is_valid
                FROM 
                    m_category a 
                    LEFT JOIN m_product b ON a.category_id = b.category_id) a CROSS JOIN (SELECT @cnt := 0) b2 WHERE 1=1  ORDER BY a.category_id asc LIMIT 0, 10')
 4 APPPATH\Controllers\ProsesAdmin.php(57): CodeIgniter\Database\BaseConnection->query('SELECT (@cnt := @cnt + 1) orderID , a.* FROM (SELECT a.category_id, a.name as category_name, b.product_id, b.name as product_name, b.price, b.weight, b.stock, b.created_at, b.is_valid
                FROM 
                    m_category a 
                    LEFT JOIN m_product b ON a.category_id = b.category_id) a CROSS JOIN (SELECT @cnt := 0) b2 WHERE 1=1  ORDER BY a.category_id asc LIMIT 0, 10')
 5 SYSTEMPATH\CodeIgniter.php(896): App\Controllers\ProsesAdmin->displayProduct()
 6 SYSTEMPATH\CodeIgniter.php(466): CodeIgniter\CodeIgniter->runController(Object(App\Controllers\ProsesAdmin))
 7 SYSTEMPATH\CodeIgniter.php(349): CodeIgniter\CodeIgniter->handleRequest(null, Object(Config\Cache), false)
 8 FCPATH\index.php(55): CodeIgniter\CodeIgniter->run()
 9 SYSTEMPATH\Commands\Server\rewrite.php(43): require_once('FCPATH\\index.php')
ERROR - 2022-08-07 19:57:11 --> Unknown column 'b.price' in 'field list'
CRITICAL - 2022-08-07 19:57:11 --> Unknown column 'b.price' in 'field list'
in SYSTEMPATH\Database\MySQLi\Connection.php on line 292.
 1 SYSTEMPATH\Database\MySQLi\Connection.php(292): mysqli->query('SELECT 
                        a.slug as slug_category, a.name as name_category, a.category_id, a.created_at, 
                        b.slug as slug_product, b.product_id, b.name as name_product, b.price, b.weight, b.stock, b.color_id, b.size_id, b.is_valid
                    FROM 
                        m_category a 
                        LEFT JOIN m_product b ON a.category_id = b.category_id
                    WHERE 
                        1=1
                        
                    ORDER BY a.category_id DESC, b.product_id DESC LIMIT 1', 0)
 2 SYSTEMPATH\Database\BaseConnection.php(695): CodeIgniter\Database\MySQLi\Connection->execute('SELECT 
                        a.slug as slug_category, a.name as name_category, a.category_id, a.created_at, 
                        b.slug as slug_product, b.product_id, b.name as name_product, b.price, b.weight, b.stock, b.color_id, b.size_id, b.is_valid
                    FROM 
                        m_category a 
                        LEFT JOIN m_product b ON a.category_id = b.category_id
                    WHERE 
                        1=1
                        
                    ORDER BY a.category_id DESC, b.product_id DESC LIMIT 1')
 3 SYSTEMPATH\Database\BaseConnection.php(609): CodeIgniter\Database\BaseConnection->simpleQuery('SELECT 
                        a.slug as slug_category, a.name as name_category, a.category_id, a.created_at, 
                        b.slug as slug_product, b.product_id, b.name as name_product, b.price, b.weight, b.stock, b.color_id, b.size_id, b.is_valid
                    FROM 
                        m_category a 
                        LEFT JOIN m_product b ON a.category_id = b.category_id
                    WHERE 
                        1=1
                        
                    ORDER BY a.category_id DESC, b.product_id DESC LIMIT 1')
 4 APPPATH\Controllers\ProsesAdmin.php(118): CodeIgniter\Database\BaseConnection->query('SELECT 
                        a.slug as slug_category, a.name as name_category, a.category_id, a.created_at, 
                        b.slug as slug_product, b.product_id, b.name as name_product, b.price, b.weight, b.stock, b.color_id, b.size_id, b.is_valid
                    FROM 
                        m_category a 
                        LEFT JOIN m_product b ON a.category_id = b.category_id
                    WHERE 
                        1=1
                        
                    ORDER BY a.category_id DESC, b.product_id DESC LIMIT 1')
 5 SYSTEMPATH\CodeIgniter.php(896): App\Controllers\ProsesAdmin->getNewCategoryCode()
 6 SYSTEMPATH\CodeIgniter.php(466): CodeIgniter\CodeIgniter->runController(Object(App\Controllers\ProsesAdmin))
 7 SYSTEMPATH\CodeIgniter.php(349): CodeIgniter\CodeIgniter->handleRequest(null, Object(Config\Cache), false)
 8 FCPATH\index.php(55): CodeIgniter\CodeIgniter->run()
 9 SYSTEMPATH\Commands\Server\rewrite.php(43): require_once('FCPATH\\index.php')
ERROR - 2022-08-07 19:57:45 --> Unknown column 'b.price' in 'field list'
CRITICAL - 2022-08-07 19:57:45 --> Unknown column 'b.price' in 'field list'
in SYSTEMPATH\Database\MySQLi\Connection.php on line 292.
 1 SYSTEMPATH\Database\MySQLi\Connection.php(292): mysqli->query('SELECT (@cnt := @cnt + 1) orderID , a.* FROM (SELECT a.category_id, a.name as category_name, b.product_id, b.name as product_name, b.price, b.weight, b.stock, b.created_at, b.is_valid
                FROM 
                    m_category a 
                    LEFT JOIN m_product b ON a.category_id = b.category_id) a CROSS JOIN (SELECT @cnt := 0) b2 WHERE 1=1  ORDER BY a.category_id asc LIMIT 0, 10', 0)
 2 SYSTEMPATH\Database\BaseConnection.php(695): CodeIgniter\Database\MySQLi\Connection->execute('SELECT (@cnt := @cnt + 1) orderID , a.* FROM (SELECT a.category_id, a.name as category_name, b.product_id, b.name as product_name, b.price, b.weight, b.stock, b.created_at, b.is_valid
                FROM 
                    m_category a 
                    LEFT JOIN m_product b ON a.category_id = b.category_id) a CROSS JOIN (SELECT @cnt := 0) b2 WHERE 1=1  ORDER BY a.category_id asc LIMIT 0, 10')
 3 SYSTEMPATH\Database\BaseConnection.php(609): CodeIgniter\Database\BaseConnection->simpleQuery('SELECT (@cnt := @cnt + 1) orderID , a.* FROM (SELECT a.category_id, a.name as category_name, b.product_id, b.name as product_name, b.price, b.weight, b.stock, b.created_at, b.is_valid
                FROM 
                    m_category a 
                    LEFT JOIN m_product b ON a.category_id = b.category_id) a CROSS JOIN (SELECT @cnt := 0) b2 WHERE 1=1  ORDER BY a.category_id asc LIMIT 0, 10')
 4 APPPATH\Controllers\ProsesAdmin.php(57): CodeIgniter\Database\BaseConnection->query('SELECT (@cnt := @cnt + 1) orderID , a.* FROM (SELECT a.category_id, a.name as category_name, b.product_id, b.name as product_name, b.price, b.weight, b.stock, b.created_at, b.is_valid
                FROM 
                    m_category a 
                    LEFT JOIN m_product b ON a.category_id = b.category_id) a CROSS JOIN (SELECT @cnt := 0) b2 WHERE 1=1  ORDER BY a.category_id asc LIMIT 0, 10')
 5 SYSTEMPATH\CodeIgniter.php(896): App\Controllers\ProsesAdmin->displayProduct()
 6 SYSTEMPATH\CodeIgniter.php(466): CodeIgniter\CodeIgniter->runController(Object(App\Controllers\ProsesAdmin))
 7 SYSTEMPATH\CodeIgniter.php(349): CodeIgniter\CodeIgniter->handleRequest(null, Object(Config\Cache), false)
 8 FCPATH\index.php(55): CodeIgniter\CodeIgniter->run()
 9 SYSTEMPATH\Commands\Server\rewrite.php(43): require_once('FCPATH\\index.php')
ERROR - 2022-08-07 19:57:49 --> Unknown column 'b.price' in 'field list'
CRITICAL - 2022-08-07 19:57:49 --> Unknown column 'b.price' in 'field list'
in SYSTEMPATH\Database\MySQLi\Connection.php on line 292.
 1 SYSTEMPATH\Database\MySQLi\Connection.php(292): mysqli->query('SELECT 
                        a.slug as slug_category, a.name as name_category, a.category_id, a.created_at, 
                        b.slug as slug_product, b.product_id, b.name as name_product, b.price, b.weight, b.stock, b.color_id, b.size_id, b.is_valid
                    FROM 
                        m_category a 
                        LEFT JOIN m_product b ON a.category_id = b.category_id
                    WHERE 
                        1=1
                        
                    ORDER BY a.category_id DESC, b.product_id DESC LIMIT 1', 0)
 2 SYSTEMPATH\Database\BaseConnection.php(695): CodeIgniter\Database\MySQLi\Connection->execute('SELECT 
                        a.slug as slug_category, a.name as name_category, a.category_id, a.created_at, 
                        b.slug as slug_product, b.product_id, b.name as name_product, b.price, b.weight, b.stock, b.color_id, b.size_id, b.is_valid
                    FROM 
                        m_category a 
                        LEFT JOIN m_product b ON a.category_id = b.category_id
                    WHERE 
                        1=1
                        
                    ORDER BY a.category_id DESC, b.product_id DESC LIMIT 1')
 3 SYSTEMPATH\Database\BaseConnection.php(609): CodeIgniter\Database\BaseConnection->simpleQuery('SELECT 
                        a.slug as slug_category, a.name as name_category, a.category_id, a.created_at, 
                        b.slug as slug_product, b.product_id, b.name as name_product, b.price, b.weight, b.stock, b.color_id, b.size_id, b.is_valid
                    FROM 
                        m_category a 
                        LEFT JOIN m_product b ON a.category_id = b.category_id
                    WHERE 
                        1=1
                        
                    ORDER BY a.category_id DESC, b.product_id DESC LIMIT 1')
 4 APPPATH\Controllers\ProsesAdmin.php(118): CodeIgniter\Database\BaseConnection->query('SELECT 
                        a.slug as slug_category, a.name as name_category, a.category_id, a.created_at, 
                        b.slug as slug_product, b.product_id, b.name as name_product, b.price, b.weight, b.stock, b.color_id, b.size_id, b.is_valid
                    FROM 
                        m_category a 
                        LEFT JOIN m_product b ON a.category_id = b.category_id
                    WHERE 
                        1=1
                        
                    ORDER BY a.category_id DESC, b.product_id DESC LIMIT 1')
 5 SYSTEMPATH\CodeIgniter.php(896): App\Controllers\ProsesAdmin->getNewCategoryCode()
 6 SYSTEMPATH\CodeIgniter.php(466): CodeIgniter\CodeIgniter->runController(Object(App\Controllers\ProsesAdmin))
 7 SYSTEMPATH\CodeIgniter.php(349): CodeIgniter\CodeIgniter->handleRequest(null, Object(Config\Cache), false)
 8 FCPATH\index.php(55): CodeIgniter\CodeIgniter->run()
 9 SYSTEMPATH\Commands\Server\rewrite.php(43): require_once('FCPATH\\index.php')
ERROR - 2022-08-07 20:13:26 --> Unknown column 'b.price' in 'field list'
CRITICAL - 2022-08-07 20:13:26 --> Unknown column 'b.price' in 'field list'
in SYSTEMPATH\Database\MySQLi\Connection.php on line 292.
 1 SYSTEMPATH\Database\MySQLi\Connection.php(292): mysqli->query('SELECT (@cnt := @cnt + 1) orderID , a.* FROM (SELECT a.category_id, a.name as category_name, b.product_id, b.name as product_name, b.price, b.weight, b.stock, b.created_at, b.is_valid
                FROM 
                    m_category a 
                    LEFT JOIN m_product b ON a.category_id = b.category_id) a CROSS JOIN (SELECT @cnt := 0) b2 WHERE 1=1  ORDER BY a.category_id asc LIMIT 0, 10', 0)
 2 SYSTEMPATH\Database\BaseConnection.php(695): CodeIgniter\Database\MySQLi\Connection->execute('SELECT (@cnt := @cnt + 1) orderID , a.* FROM (SELECT a.category_id, a.name as category_name, b.product_id, b.name as product_name, b.price, b.weight, b.stock, b.created_at, b.is_valid
                FROM 
                    m_category a 
                    LEFT JOIN m_product b ON a.category_id = b.category_id) a CROSS JOIN (SELECT @cnt := 0) b2 WHERE 1=1  ORDER BY a.category_id asc LIMIT 0, 10')
 3 SYSTEMPATH\Database\BaseConnection.php(609): CodeIgniter\Database\BaseConnection->simpleQuery('SELECT (@cnt := @cnt + 1) orderID , a.* FROM (SELECT a.category_id, a.name as category_name, b.product_id, b.name as product_name, b.price, b.weight, b.stock, b.created_at, b.is_valid
                FROM 
                    m_category a 
                    LEFT JOIN m_product b ON a.category_id = b.category_id) a CROSS JOIN (SELECT @cnt := 0) b2 WHERE 1=1  ORDER BY a.category_id asc LIMIT 0, 10')
 4 APPPATH\Controllers\ProsesAdmin.php(57): CodeIgniter\Database\BaseConnection->query('SELECT (@cnt := @cnt + 1) orderID , a.* FROM (SELECT a.category_id, a.name as category_name, b.product_id, b.name as product_name, b.price, b.weight, b.stock, b.created_at, b.is_valid
                FROM 
                    m_category a 
                    LEFT JOIN m_product b ON a.category_id = b.category_id) a CROSS JOIN (SELECT @cnt := 0) b2 WHERE 1=1  ORDER BY a.category_id asc LIMIT 0, 10')
 5 SYSTEMPATH\CodeIgniter.php(896): App\Controllers\ProsesAdmin->displayProduct()
 6 SYSTEMPATH\CodeIgniter.php(466): CodeIgniter\CodeIgniter->runController(Object(App\Controllers\ProsesAdmin))
 7 SYSTEMPATH\CodeIgniter.php(349): CodeIgniter\CodeIgniter->handleRequest(null, Object(Config\Cache), false)
 8 FCPATH\index.php(55): CodeIgniter\CodeIgniter->run()
 9 SYSTEMPATH\Commands\Server\rewrite.php(43): require_once('FCPATH\\index.php')
