ERROR - 2022-08-10 22:25:04 --> Error connecting to the database: Unknown database 'appmuslimbasic'
CRITICAL - 2022-08-10 22:25:04 --> Unable to connect to the database.
Main connection [MySQLi]: Unknown database 'appmuslimbasic'
in SYSTEMPATH\Database\BaseConnection.php on line 416.
 1 SYSTEMPATH\Database\BaseConnection.php(586): CodeIgniter\Database\BaseConnection->initialize()
 2 SYSTEMPATH\Database\BaseBuilder.php(1585): CodeIgniter\Database\BaseConnection->query('SELECT *
FROM `m_product`
WHERE `slug` IN :slug:
GROUP BY `slug`
ORDER BY `product_id` ASC', [...], false)
 3 SYSTEMPATH\Model.php(771): CodeIgniter\Database\BaseBuilder->get()
 4 APPPATH\Controllers\Proses.php(161): CodeIgniter\Model->__call('get', [])
 5 APPPATH\Controllers\Proses.php(115): App\Controllers\Proses->_getMsProductWhereIn([...])
 6 SYSTEMPATH\CodeIgniter.php(896): App\Controllers\Proses->getBestSeller()
 7 SYSTEMPATH\CodeIgniter.php(466): CodeIgniter\CodeIgniter->runController(Object(App\Controllers\Proses))
 8 SYSTEMPATH\CodeIgniter.php(349): CodeIgniter\CodeIgniter->handleRequest(null, Object(Config\Cache), false)
 9 FCPATH\index.php(55): CodeIgniter\CodeIgniter->run()
10 SYSTEMPATH\Commands\Server\rewrite.php(43): require_once('FCPATH\\index.php')
ERROR - 2022-08-10 22:26:51 --> Error connecting to the database: Unknown database 'appmuslimbasic'
CRITICAL - 2022-08-10 22:26:51 --> Unable to connect to the database.
Main connection [MySQLi]: Unknown database 'appmuslimbasic'
in SYSTEMPATH\Database\BaseConnection.php on line 416.
 1 SYSTEMPATH\Database\BaseConnection.php(586): CodeIgniter\Database\BaseConnection->initialize()
 2 SYSTEMPATH\Database\BaseBuilder.php(1585): CodeIgniter\Database\BaseConnection->query('SELECT *
FROM `m_product`
WHERE `slug` IN :slug:
GROUP BY `slug`
ORDER BY `product_id` ASC', [...], false)
 3 SYSTEMPATH\Model.php(771): CodeIgniter\Database\BaseBuilder->get()
 4 APPPATH\Controllers\Proses.php(161): CodeIgniter\Model->__call('get', [])
 5 APPPATH\Controllers\Proses.php(115): App\Controllers\Proses->_getMsProductWhereIn([...])
 6 SYSTEMPATH\CodeIgniter.php(896): App\Controllers\Proses->getBestSeller()
 7 SYSTEMPATH\CodeIgniter.php(466): CodeIgniter\CodeIgniter->runController(Object(App\Controllers\Proses))
 8 SYSTEMPATH\CodeIgniter.php(349): CodeIgniter\CodeIgniter->handleRequest(null, Object(Config\Cache), false)
 9 FCPATH\index.php(55): CodeIgniter\CodeIgniter->run()
10 SYSTEMPATH\Commands\Server\rewrite.php(43): require_once('FCPATH\\index.php')
