CRITICAL - 2022-08-02 00:00:40 --> Call to undefined method App\Models\ProductModel::getResult
in SYSTEMPATH\Model.php on line 773.
 1 APPPATH\Controllers\Proses.php(31): CodeIgniter\Model->__call('getResult', [])
 2 SYSTEMPATH\CodeIgniter.php(896): App\Controllers\Proses->getBestSeller()
 3 SYSTEMPATH\CodeIgniter.php(466): CodeIgniter\CodeIgniter->runController(Object(App\Controllers\Proses))
 4 SYSTEMPATH\CodeIgniter.php(349): CodeIgniter\CodeIgniter->handleRequest(null, Object(Config\Cache), false)
 5 FCPATH\index.php(55): CodeIgniter\CodeIgniter->run()
 6 SYSTEMPATH\Commands\Server\rewrite.php(43): require_once('FCPATH\\index.php')
CRITICAL - 2022-08-02 00:01:04 --> Call to undefined method App\Models\ProductModel::getResultArray
in SYSTEMPATH\Model.php on line 773.
 1 APPPATH\Controllers\Proses.php(31): CodeIgniter\Model->__call('getResultArray', [])
 2 SYSTEMPATH\CodeIgniter.php(896): App\Controllers\Proses->getBestSeller()
 3 SYSTEMPATH\CodeIgniter.php(466): CodeIgniter\CodeIgniter->runController(Object(App\Controllers\Proses))
 4 SYSTEMPATH\CodeIgniter.php(349): CodeIgniter\CodeIgniter->handleRequest(null, Object(Config\Cache), false)
 5 FCPATH\index.php(55): CodeIgniter\CodeIgniter->run()
 6 SYSTEMPATH\Commands\Server\rewrite.php(43): require_once('FCPATH\\index.php')
ERROR - 2022-08-02 00:02:34 --> Unknown column 'id_valid' in 'where clause'
CRITICAL - 2022-08-02 00:02:34 --> Unknown column 'id_valid' in 'where clause'
in SYSTEMPATH\Database\MySQLi\Connection.php on line 292.
 1 SYSTEMPATH\Database\MySQLi\Connection.php(292): mysqli->query('SELECT COUNT(*) AS `numrows`
FROM `m_product`
WHERE `id_valid` = 1
AND `id` IN (15,16,17,22,23)', 0)
 2 SYSTEMPATH\Database\BaseConnection.php(695): CodeIgniter\Database\MySQLi\Connection->execute('SELECT COUNT(*) AS `numrows`
FROM `m_product`
WHERE `id_valid` = 1
AND `id` IN (15,16,17,22,23)')
 3 SYSTEMPATH\Database\BaseConnection.php(609): CodeIgniter\Database\BaseConnection->simpleQuery('SELECT COUNT(*) AS `numrows`
FROM `m_product`
WHERE `id_valid` = 1
AND `id` IN (15,16,17,22,23)')
 4 SYSTEMPATH\Database\BaseBuilder.php(1669): CodeIgniter\Database\BaseConnection->query('SELECT COUNT(*) AS `numrows`
FROM `m_product`
WHERE `id_valid` = :id_valid:
AND `id` IN :id:', [...], false)
 5 SYSTEMPATH\Model.php(550): CodeIgniter\Database\BaseBuilder->countAllResults(false)
 6 SYSTEMPATH\BaseModel.php(1084): CodeIgniter\Model->countAllResults(false)
 7 APPPATH\Controllers\Proses.php(31): CodeIgniter\BaseModel->paginate()
 8 SYSTEMPATH\CodeIgniter.php(896): App\Controllers\Proses->getBestSeller()
 9 SYSTEMPATH\CodeIgniter.php(466): CodeIgniter\CodeIgniter->runController(Object(App\Controllers\Proses))
10 SYSTEMPATH\CodeIgniter.php(349): CodeIgniter\CodeIgniter->handleRequest(null, Object(Config\Cache), false)
11 FCPATH\index.php(55): CodeIgniter\CodeIgniter->run()
12 SYSTEMPATH\Commands\Server\rewrite.php(43): require_once('FCPATH\\index.php')
CRITICAL - 2022-08-02 00:27:57 --> Call to undefined function App\Controllers\directory_map()
in APPPATH\Controllers\Proses.php on line 32.
 1 SYSTEMPATH\CodeIgniter.php(896): App\Controllers\Proses->getBestSeller()
 2 SYSTEMPATH\CodeIgniter.php(466): CodeIgniter\CodeIgniter->runController(Object(App\Controllers\Proses))
 3 SYSTEMPATH\CodeIgniter.php(349): CodeIgniter\CodeIgniter->handleRequest(null, Object(Config\Cache), false)
 4 FCPATH\index.php(55): CodeIgniter\CodeIgniter->run()
 5 SYSTEMPATH\Commands\Server\rewrite.php(43): require_once('FCPATH\\index.php')
CRITICAL - 2022-08-02 00:28:34 --> Call to undefined function App\Controllers\directory_map()
in APPPATH\Controllers\Proses.php on line 32.
 1 SYSTEMPATH\CodeIgniter.php(896): App\Controllers\Proses->getBestSeller()
 2 SYSTEMPATH\CodeIgniter.php(466): CodeIgniter\CodeIgniter->runController(Object(App\Controllers\Proses))
 3 SYSTEMPATH\CodeIgniter.php(349): CodeIgniter\CodeIgniter->handleRequest(null, Object(Config\Cache), false)
 4 FCPATH\index.php(55): CodeIgniter\CodeIgniter->run()
 5 SYSTEMPATH\Commands\Server\rewrite.php(43): require_once('FCPATH\\index.php')
CRITICAL - 2022-08-02 00:30:38 --> Call to undefined function App\Controllers\directory_map()
in APPPATH\Controllers\Proses.php on line 32.
 1 SYSTEMPATH\CodeIgniter.php(896): App\Controllers\Proses->getBestSeller()
 2 SYSTEMPATH\CodeIgniter.php(466): CodeIgniter\CodeIgniter->runController(Object(App\Controllers\Proses))
 3 SYSTEMPATH\CodeIgniter.php(349): CodeIgniter\CodeIgniter->handleRequest(null, Object(Config\Cache), false)
 4 FCPATH\index.php(55): CodeIgniter\CodeIgniter->run()
 5 SYSTEMPATH\Commands\Server\rewrite.php(43): require_once('FCPATH\\index.php')
ERROR - 2022-08-02 03:32:52 --> Table 'appmuslimbasic.m_reting' doesn't exist
CRITICAL - 2022-08-02 04:10:51 --> Undefined array key "name"
in APPPATH\Controllers\Proses.php on line 38.
 1 APPPATH\Controllers\Proses.php(38): CodeIgniter\Debug\Exceptions->errorHandler(2, 'Undefined array key "name"', 'APPPATH\\Controllers\\Proses.php', 38)
 2 SYSTEMPATH\CodeIgniter.php(896): App\Controllers\Proses->productShow('cardinal-cj-06')
 3 SYSTEMPATH\CodeIgniter.php(466): CodeIgniter\CodeIgniter->runController(Object(App\Controllers\Proses))
 4 SYSTEMPATH\CodeIgniter.php(349): CodeIgniter\CodeIgniter->handleRequest(null, Object(Config\Cache), false)
 5 FCPATH\index.php(55): CodeIgniter\CodeIgniter->run()
 6 SYSTEMPATH\Commands\Server\rewrite.php(43): require_once('FCPATH\\index.php')
CRITICAL - 2022-08-02 04:20:36 --> Undefined variable $data
in APPPATH\Views\User\Pages\Product.php on line 136.
 1 APPPATH\Views\User\Pages\Product.php(136): CodeIgniter\Debug\Exceptions->errorHandler(2, 'Undefined variable $data', 'APPPATH\\Views\\User\\Pages\\Product.php', 136)
 2 SYSTEMPATH\View\View.php(213): include('APPPATH\\Views\\User\\Pages\\Product.php')
 3 SYSTEMPATH\View\View.php(216): CodeIgniter\View\View->CodeIgniter\View\{closure}()
 4 SYSTEMPATH\Common.php(1135): CodeIgniter\View\View->render('User/Pages/Product', [], true)
 5 APPPATH\Controllers\Proses.php(41): view('User/Pages/Product', [...])
 6 SYSTEMPATH\CodeIgniter.php(896): App\Controllers\Proses->productShow('cardinal-cj-06')
 7 SYSTEMPATH\CodeIgniter.php(466): CodeIgniter\CodeIgniter->runController(Object(App\Controllers\Proses))
 8 SYSTEMPATH\CodeIgniter.php(349): CodeIgniter\CodeIgniter->handleRequest(null, Object(Config\Cache), false)
 9 FCPATH\index.php(55): CodeIgniter\CodeIgniter->run()
10 SYSTEMPATH\Commands\Server\rewrite.php(43): require_once('FCPATH\\index.php')
CRITICAL - 2022-08-02 04:30:44 --> Undefined array key "price"
in APPPATH\Views\User\Pages\Product.php on line 372.
 1 APPPATH\Views\User\Pages\Product.php(372): CodeIgniter\Debug\Exceptions->errorHandler(2, 'Undefined array key "price"', 'APPPATH\\Views\\User\\Pages\\Product.php', 372)
 2 SYSTEMPATH\View\View.php(213): include('APPPATH\\Views\\User\\Pages\\Product.php')
 3 SYSTEMPATH\View\View.php(216): CodeIgniter\View\View->CodeIgniter\View\{closure}()
 4 SYSTEMPATH\Common.php(1135): CodeIgniter\View\View->render('User/Pages/Product', [], true)
 5 APPPATH\Controllers\Proses.php(41): view('User/Pages/Product', [...])
 6 SYSTEMPATH\CodeIgniter.php(896): App\Controllers\Proses->productShow('cardinal-cj-06')
 7 SYSTEMPATH\CodeIgniter.php(466): CodeIgniter\CodeIgniter->runController(Object(App\Controllers\Proses))
 8 SYSTEMPATH\CodeIgniter.php(349): CodeIgniter\CodeIgniter->handleRequest(null, Object(Config\Cache), false)
 9 FCPATH\index.php(55): CodeIgniter\CodeIgniter->run()
10 SYSTEMPATH\Commands\Server\rewrite.php(43): require_once('FCPATH\\index.php')
ERROR - 2022-08-02 04:31:39 --> Unknown column 'b.price' in 'field list'
CRITICAL - 2022-08-02 04:31:39 --> Unknown column 'b.price' in 'field list'
in SYSTEMPATH\Database\MySQLi\Connection.php on line 292.
 1 SYSTEMPATH\Database\MySQLi\Connection.php(292): mysqli->query('SELECT 
                                        b.slug
                                        , b.`name`
                                        , b.price
                                        , AVG(a.score) AS score 
                                        , (
                                            SELECT COUNT(x.score) total FROM m_rating x WHERE x.customer_id = a.customer_id AND a.slug = b.slug
                                        ) as total
                                    FROM 
                                        m_rating a
                                        LEFT JOIN m_product b ON a.product_id = b.product_id
                                    WHERE 
                                        a.slug = \'cardinal-cj-06\' 
                                        AND b.is_valid = 1', 0)
 2 SYSTEMPATH\Database\BaseConnection.php(695): CodeIgniter\Database\MySQLi\Connection->execute('SELECT 
                                        b.slug
                                        , b.`name`
                                        , b.price
                                        , AVG(a.score) AS score 
                                        , (
                                            SELECT COUNT(x.score) total FROM m_rating x WHERE x.customer_id = a.customer_id AND a.slug = b.slug
                                        ) as total
                                    FROM 
                                        m_rating a
                                        LEFT JOIN m_product b ON a.product_id = b.product_id
                                    WHERE 
                                        a.slug = \'cardinal-cj-06\' 
                                        AND b.is_valid = 1')
 3 SYSTEMPATH\Database\BaseConnection.php(609): CodeIgniter\Database\BaseConnection->simpleQuery('SELECT 
                                        b.slug
                                        , b.`name`
                                        , b.price
                                        , AVG(a.score) AS score 
                                        , (
                                            SELECT COUNT(x.score) total FROM m_rating x WHERE x.customer_id = a.customer_id AND a.slug = b.slug
                                        ) as total
                                    FROM 
                                        m_rating a
                                        LEFT JOIN m_product b ON a.product_id = b.product_id
                                    WHERE 
                                        a.slug = \'cardinal-cj-06\' 
                                        AND b.is_valid = 1')
 4 APPPATH\Controllers\Proses.php(36): CodeIgniter\Database\BaseConnection->query('SELECT 
                                        b.slug
                                        , b.`name`
                                        , b.price
                                        , AVG(a.score) AS score 
                                        , (
                                            SELECT COUNT(x.score) total FROM m_rating x WHERE x.customer_id = a.customer_id AND a.slug = b.slug
                                        ) as total
                                    FROM 
                                        m_rating a
                                        LEFT JOIN m_product b ON a.product_id = b.product_id
                                    WHERE 
                                        a.slug = \'cardinal-cj-06\' 
                                        AND b.is_valid = 1')
 5 SYSTEMPATH\CodeIgniter.php(896): App\Controllers\Proses->productShow('cardinal-cj-06')
 6 SYSTEMPATH\CodeIgniter.php(466): CodeIgniter\CodeIgniter->runController(Object(App\Controllers\Proses))
 7 SYSTEMPATH\CodeIgniter.php(349): CodeIgniter\CodeIgniter->handleRequest(null, Object(Config\Cache), false)
 8 FCPATH\index.php(55): CodeIgniter\CodeIgniter->run()
 9 SYSTEMPATH\Commands\Server\rewrite.php(43): require_once('FCPATH\\index.php')
CRITICAL - 2022-08-02 04:43:31 --> Undefined array key "detail"
in APPPATH\Views\User\Pages\Product.php on line 328.
 1 APPPATH\Views\User\Pages\Product.php(328): CodeIgniter\Debug\Exceptions->errorHandler(2, 'Undefined array key "detail"', 'APPPATH\\Views\\User\\Pages\\Product.php', 328)
 2 SYSTEMPATH\View\View.php(213): include('APPPATH\\Views\\User\\Pages\\Product.php')
 3 SYSTEMPATH\View\View.php(216): CodeIgniter\View\View->CodeIgniter\View\{closure}()
 4 SYSTEMPATH\Common.php(1135): CodeIgniter\View\View->render('User/Pages/Product', [], true)
 5 APPPATH\Controllers\Proses.php(44): view('User/Pages/Product', [...])
 6 SYSTEMPATH\CodeIgniter.php(896): App\Controllers\Proses->productShow('cardinal-cj-06')
 7 SYSTEMPATH\CodeIgniter.php(466): CodeIgniter\CodeIgniter->runController(Object(App\Controllers\Proses))
 8 SYSTEMPATH\CodeIgniter.php(349): CodeIgniter\CodeIgniter->handleRequest(null, Object(Config\Cache), false)
 9 FCPATH\index.php(55): CodeIgniter\CodeIgniter->run()
10 SYSTEMPATH\Commands\Server\rewrite.php(43): require_once('FCPATH\\index.php')
CRITICAL - 2022-08-02 04:43:59 --> Undefined array key "detail"
in APPPATH\Views\User\Pages\Product.php on line 328.
 1 APPPATH\Views\User\Pages\Product.php(328): CodeIgniter\Debug\Exceptions->errorHandler(2, 'Undefined array key "detail"', 'APPPATH\\Views\\User\\Pages\\Product.php', 328)
 2 SYSTEMPATH\View\View.php(213): include('APPPATH\\Views\\User\\Pages\\Product.php')
 3 SYSTEMPATH\View\View.php(216): CodeIgniter\View\View->CodeIgniter\View\{closure}()
 4 SYSTEMPATH\Common.php(1135): CodeIgniter\View\View->render('User/Pages/Product', [], true)
 5 APPPATH\Controllers\Proses.php(45): view('User/Pages/Product', [...])
 6 SYSTEMPATH\CodeIgniter.php(896): App\Controllers\Proses->productShow('cardinal-cj-06')
 7 SYSTEMPATH\CodeIgniter.php(466): CodeIgniter\CodeIgniter->runController(Object(App\Controllers\Proses))
 8 SYSTEMPATH\CodeIgniter.php(349): CodeIgniter\CodeIgniter->handleRequest(null, Object(Config\Cache), false)
 9 FCPATH\index.php(55): CodeIgniter\CodeIgniter->run()
10 SYSTEMPATH\Commands\Server\rewrite.php(43): require_once('FCPATH\\index.php')
